17:24:41: Creating resource group General
17:24:41: Creating resource group Internal
17:24:41: Creating resource group Autodetect
17:24:41: SceneManagerFactory for type 'DefaultSceneManager' registered.
17:24:41: Registering ResourceManager for type Material
17:24:41: Registering ResourceManager for type Mesh
17:24:41: Registering ResourceManager for type Skeleton
17:24:41: MovableObjectFactory for type 'ParticleSystem' registered.
17:24:41: OverlayElementFactory for type Panel registered.
17:24:41: OverlayElementFactory for type BorderPanel registered.
17:24:41: OverlayElementFactory for type TextArea registered.
17:24:41: Registering ResourceManager for type Font
17:24:41: ArchiveFactory for archive type FileSystem registered.
17:24:41: ArchiveFactory for archive type Zip registered.
17:24:41: ArchiveFactory for archive type EmbeddedZip registered.
17:24:41: DDS codec registering
17:24:41: FreeImage version: 3.13.1
17:24:41: This program uses FreeImage, a free, open source image library supporting all common bitmap formats. See http://freeimage.sourceforge.net for details
17:24:41: Supported formats: bmp,ico,jpg,jif,jpeg,jpe,jng,koa,iff,lbm,mng,pbm,pbm,pcd,pcx,pgm,pgm,png,ppm,ppm,ras,tga,targa,tif,tiff,wap,wbmp,wbm,psd,cut,xbm,xpm,gif,hdr,g3,sgi,exr,j2k,j2c,jp2,pfm,pct,pict,pic,bay,bmq,cr2,crw,cs1,dc2,dcr,dng,erf,fff,hdr,k25,kdc,mdc,mos,mrw,nef,orf,pef,pxn,raf,raw,rdc,sr2,srf,arw,3fr,cine,ia,kc2,mef,nrw,qtk,rw2,sti,drf,dsc,ptx,cap,iiq,rwz
17:24:41: Registering ResourceManager for type HighLevelGpuProgram
17:24:41: Registering ResourceManager for type Compositor
17:24:41: MovableObjectFactory for type 'Entity' registered.
17:24:41: MovableObjectFactory for type 'Light' registered.
17:24:41: MovableObjectFactory for type 'BillboardSet' registered.
17:24:41: MovableObjectFactory for type 'ManualObject' registered.
17:24:41: MovableObjectFactory for type 'BillboardChain' registered.
17:24:41: MovableObjectFactory for type 'RibbonTrail' registered.
17:24:41: Loading library ../../../OGRE/bin/debug\RenderSystem_GL_d
17:24:41: Installing plugin: GL RenderSystem
17:24:41: OpenGL Rendering Subsystem created.
17:24:41: Plugin successfully installed
17:24:41: Loading library ../../../OGRE/bin/debug\Plugin_ParticleFX_d
17:24:41: Installing plugin: ParticleFX
17:24:41: Particle Emitter Type 'Point' registered
17:24:41: Particle Emitter Type 'Box' registered
17:24:41: Particle Emitter Type 'Ellipsoid' registered
17:24:41: Particle Emitter Type 'Cylinder' registered
17:24:41: Particle Emitter Type 'Ring' registered
17:24:41: Particle Emitter Type 'HollowEllipsoid' registered
17:24:41: Particle Affector Type 'LinearForce' registered
17:24:41: Particle Affector Type 'ColourFader' registered
17:24:41: Particle Affector Type 'ColourFader2' registered
17:24:41: Particle Affector Type 'ColourImage' registered
17:24:41: Particle Affector Type 'ColourInterpolator' registered
17:24:41: Particle Affector Type 'Scaler' registered
17:24:41: Particle Affector Type 'Rotator' registered
17:24:41: Particle Affector Type 'DirectionRandomiser' registered
17:24:41: Particle Affector Type 'DeflectorPlane' registered
17:24:41: Plugin successfully installed
17:24:41: Loading library ../../../OGRE/bin/debug\Plugin_BSPSceneManager_d
17:24:41: Installing plugin: BSP Scene Manager
17:24:41: Plugin successfully installed
17:24:41: Loading library ../../../OGRE/bin/debug\Plugin_CgProgramManager_d
17:24:42: Installing plugin: Cg Program Manager
17:24:42: Plugin successfully installed
17:24:42: Loading library ../../../OGRE/bin/debug\Plugin_PCZSceneManager_d.dll
17:24:42: Installing plugin: Portal Connected Zone Scene Manager
17:24:42: PCZone Factory Type 'ZoneType_Default' registered
17:24:42: Plugin successfully installed
17:24:42: Loading library ../../../OGRE/bin/debug\Plugin_OctreeZone_d.dll
17:24:42: Installing plugin: Octree Zone Factory
17:24:42: Plugin successfully installed
17:24:42: Loading library ../../../OGRE/bin/debug\Plugin_OctreeSceneManager_d
17:24:42: Installing plugin: Octree Scene Manager
17:24:42: Plugin successfully installed
17:24:42: *-*-* OGRE Initialising
17:24:42: *-*-* Version 1.8.1 (Byatis)
17:24:42: +++ root configured
17:24:42: CPU Identifier & Features
17:24:42: -------------------------
17:24:42:  *   CPU ID: GenuineIntel: Intel(R) Core(TM) i7-2630QM CPU @ 2.00GHz
17:24:42:  *      SSE: yes
17:24:42:  *     SSE2: yes
17:24:42:  *     SSE3: yes
17:24:42:  *      MMX: yes
17:24:42:  *   MMXEXT: yes
17:24:42:  *    3DNOW: no
17:24:42:  * 3DNOWEXT: no
17:24:42:  *     CMOV: yes
17:24:42:  *      TSC: yes
17:24:42:  *      FPU: yes
17:24:42:  *      PRO: yes
17:24:42:  *       HT: no
17:24:42: -------------------------
17:24:42: *** Starting Win32GL Subsystem ***
17:24:42: Registering ResourceManager for type Texture
17:24:42: GLRenderSystem::_createRenderWindow "OGRE Render Window", 1024x768 windowed  miscParams: FSAA=0 FSAAHint= colourDepth=32 displayFrequency=60 gamma=false vsync=false vsyncInterval=1 
17:24:42: Created Win32Window 'OGRE Render Window' : 1040x768, 32bpp
17:24:42: GL_VERSION = 3.1.0 - Build 9.17.10.2932
17:24:42: GL_VENDOR = Intel
17:24:42: GL_RENDERER = Intel(R) HD Graphics 3000
17:24:42: GL_EXTENSIONS = GL_EXT_blend_minmax GL_EXT_blend_subtract GL_EXT_blend_color GL_EXT_abgr GL_EXT_texture3D GL_EXT_clip_volume_hint GL_EXT_compiled_vertex_array GL_SGIS_texture_edge_clamp GL_SGIS_generate_mipmap GL_EXT_draw_range_elements GL_SGIS_texture_lod GL_EXT_rescale_normal GL_EXT_packed_pixels GL_EXT_texture_edge_clamp GL_EXT_separate_specular_color GL_ARB_multitexture GL_EXT_texture_env_combine GL_EXT_bgra GL_EXT_blend_func_separate GL_EXT_secondary_color GL_EXT_fog_coord GL_EXT_texture_env_add GL_ARB_texture_cube_map GL_ARB_transpose_matrix GL_ARB_texture_env_add GL_IBM_texture_mirrored_repeat GL_EXT_multi_draw_arrays GL_NV_blend_square GL_ARB_texture_compression GL_3DFX_texture_compression_FXT1 GL_EXT_texture_filter_anisotropic GL_ARB_texture_border_clamp GL_ARB_point_parameters GL_ARB_texture_env_combine GL_ARB_texture_env_dot3 GL_ARB_texture_env_crossbar GL_EXT_texture_compression_s3tc GL_ARB_shadow GL_ARB_window_pos GL_EXT_shadow_funcs GL_EXT_stencil_wrap GL_ARB_vertex_program GL_EXT_texture_rectangle GL_ARB_fragment_program GL_EXT_stencil_two_side GL_ATI_separate_stencil GL_ARB_vertex_buffer_object GL_EXT_texture_lod_bias GL_ARB_occlusion_query GL_ARB_fragment_shader GL_ARB_shader_objects GL_ARB_shading_language_100 GL_ARB_texture_non_power_of_two GL_ARB_vertex_shader GL_NV_texgen_reflection GL_ARB_point_sprite GL_ARB_fragment_program_shadow GL_EXT_blend_equation_separate GL_ARB_depth_texture GL_ARB_texture_rectangle GL_ARB_draw_buffers GL_ARB_color_buffer_float GL_ARB_half_float_pixel GL_ARB_texture_float GL_ARB_pixel_buffer_object GL_EXT_framebuffer_object GL_ARB_draw_instanced GL_ARB_half_float_vertex GL_ARB_occlusion_query2 GL_EXT_draw_buffers2 GL_WIN_swap_hint GL_EXT_texture_sRGB GL_ARB_multisample GL_EXT_packed_float GL_EXT_texture_shared_exponent GL_ARB_texture_rg GL_ARB_texture_compression_rgtc GL_NV_conditional_render GL_EXT_texture_swizzle GL_ARB_sync GL_ARB_framebuffer_sRGB GL_EXT_packed_depth_stencil GL_ARB_depth_buffer_float GL_EXT_transform_feedback GL_EXT_framebuffer_blit GL_EXT_framebuffer_multisample GL_ARB_framebuffer_object GL_EXT_texture_array GL_EXT_texture_integer GL_ARB_map_buffer_range GL_EXT_texture_snorm GL_INTEL_performance_queries GL_ARB_copy_buffer GL_ARB_sampler_objects GL_NV_primitive_restart GL_ARB_seamless_cube_map GL_ARB_uniform_buffer_object GL_ARB_depth_clamp GL_ARB_vertex_array_bgra GL_ARB_shader_bit_encoding GL_ARB_draw_buffers_blend GL_ARB_texture_query_lod GL_ARB_explicit_attrib_location GL_ARB_draw_elements_base_vertex GL_ARB_instanced_arrays GL_ARB_fragment_coord_conventions GL_EXT_gpu_program_parameters GL_ARB_texture_buffer_object_rgb32 GL_ARB_compatibility GL_ARB_texture_rgb10_a2ui GL_ARB_vertex_type_2_10_10_10_rev GL_ARB_timer_query GL_INTEL_map_texture GL_ARB_vertex_array_object GL_ARB_provoking_vertex 
17:24:42: Supported WGL extensions: WGL_EXT_depth_float WGL_ARB_buffer_region WGL_ARB_extensions_string WGL_ARB_make_current_read WGL_ARB_pixel_format WGL_ARB_pbuffer WGL_EXT_extensions_string WGL_EXT_swap_control WGL_EXT_swap_control_tear WGL_ARB_multisample WGL_ARB_pixel_format_float WGL_ARB_framebuffer_sRGB WGL_ARB_create_context WGL_EXT_pixel_format_packed_float 
17:24:42: ***************************
17:24:42: *** GL Renderer Started ***
17:24:42: ***************************
17:24:42: Registering ResourceManager for type GpuProgram
17:24:42: GLSL support detected
17:24:42: GL: Using GL_EXT_framebuffer_object for rendering to textures (best)
17:24:42: FBO PF_UNKNOWN depth/stencil support: D0S1 D0S4 D0S8 D0S16 D16S0 D24S0 D32S0 Packed-D24S8 
17:24:42: FBO PF_A8 depth/stencil support: D0S0 D0S1 D0S4 D0S8 D0S16 D16S0 D24S0 D32S0 Packed-D24S8 
17:24:42: FBO PF_R5G6B5 depth/stencil support: D0S0 D0S1 D0S4 D0S8 D0S16 D16S0 D24S0 D32S0 Packed-D24S8 
17:24:42: FBO PF_B5G6R5 depth/stencil support: D0S0 D0S1 D0S4 D0S8 D0S16 D16S0 D24S0 D32S0 Packed-D24S8 
17:24:42: FBO PF_R8G8B8 depth/stencil support: D0S0 D0S1 D0S4 D0S8 D0S16 D16S0 D24S0 D32S0 Packed-D24S8 
17:24:42: FBO PF_B8G8R8 depth/stencil support: D0S0 D0S1 D0S4 D0S8 D0S16 D16S0 D24S0 D32S0 Packed-D24S8 
17:24:42: FBO PF_A8R8G8B8 depth/stencil support: D0S0 D0S1 D0S4 D0S8 D0S16 D16S0 D24S0 D32S0 Packed-D24S8 
17:24:42: FBO PF_B8G8R8A8 depth/stencil support: D0S0 D0S1 D0S4 D0S8 D0S16 D16S0 D24S0 D32S0 Packed-D24S8 
17:24:42: FBO PF_A2R10G10B10 depth/stencil support: D0S0 D0S1 D0S4 D0S8 D0S16 D16S0 D24S0 D32S0 Packed-D24S8 
17:24:42: FBO PF_A2B10G10R10 depth/stencil support: D0S0 D0S1 D0S4 D0S8 D0S16 D16S0 D24S0 D32S0 Packed-D24S8 
17:24:42: FBO PF_FLOAT16_RGB depth/stencil support: D0S0 D0S1 D0S4 D0S8 D0S16 D16S0 D24S0 D32S0 Packed-D24S8 
17:24:42: FBO PF_FLOAT16_RGBA depth/stencil support: D0S0 D0S1 D0S4 D0S8 D0S16 D16S0 D24S0 D32S0 Packed-D24S8 
17:24:42: FBO PF_FLOAT32_RGB depth/stencil support: D0S0 D0S1 D0S4 D0S8 D0S16 D16S0 D24S0 D32S0 Packed-D24S8 
17:24:42: FBO PF_FLOAT32_RGBA depth/stencil support: D0S0 D0S1 D0S4 D0S8 D0S16 D16S0 D24S0 D32S0 Packed-D24S8 
17:24:42: FBO PF_X8R8G8B8 depth/stencil support: D0S0 D0S1 D0S4 D0S8 D0S16 D16S0 D24S0 D32S0 Packed-D24S8 
17:24:43: FBO PF_X8B8G8R8 depth/stencil support: D0S0 D0S1 D0S4 D0S8 D0S16 D16S0 D24S0 D32S0 Packed-D24S8 
17:24:43: FBO PF_SHORT_RGBA depth/stencil support: D0S0 D0S1 D0S4 D0S8 D0S16 D16S0 D24S0 D32S0 Packed-D24S8 
17:24:43: FBO PF_R3G3B2 depth/stencil support: D0S0 D0S1 D0S4 D0S8 D0S16 D16S0 D24S0 D32S0 Packed-D24S8 
17:24:43: FBO PF_SHORT_RGB depth/stencil support: D0S0 D0S1 D0S4 D0S8 D0S16 D16S0 D24S0 D32S0 Packed-D24S8 
17:24:43: [GL] : Valid FBO targets PF_UNKNOWN PF_A8 PF_R5G6B5 PF_B5G6R5 PF_R8G8B8 PF_B8G8R8 PF_A8R8G8B8 PF_B8G8R8A8 PF_A2R10G10B10 PF_A2B10G10R10 PF_FLOAT16_RGB PF_FLOAT16_RGBA PF_FLOAT32_RGB PF_FLOAT32_RGBA PF_X8R8G8B8 PF_X8B8G8R8 PF_SHORT_RGBA PF_R3G3B2 PF_SHORT_RGB 
17:24:43: RenderSystem capabilities
17:24:43: -------------------------
17:24:43: RenderSystem Name: OpenGL Rendering Subsystem
17:24:43: GPU Vendor: intel
17:24:43: Device Name: Intel(R) HD Graphics 3000
17:24:43: Driver Version: 3.1.0.0
17:24:43:  * Fixed function pipeline: yes
17:24:43:  * Hardware generation of mipmaps: no
17:24:43:  * Texture blending: yes
17:24:43:  * Anisotropic texture filtering: yes
17:24:43:  * Dot product texture operation: yes
17:24:43:  * Cube mapping: yes
17:24:43:  * Hardware stencil buffer: yes
17:24:43:    - Stencil depth: 8
17:24:43:    - Two sided stencil support: yes
17:24:43:    - Wrap stencil values: yes
17:24:43:  * Hardware vertex / index buffers: yes
17:24:43:  * Vertex programs: yes
17:24:43:  * Number of floating-point constants for vertex programs: 256
17:24:43:  * Number of integer constants for vertex programs: 0
17:24:43:  * Number of boolean constants for vertex programs: 0
17:24:43:  * Fragment programs: yes
17:24:43:  * Number of floating-point constants for fragment programs: 256
17:24:43:  * Number of integer constants for fragment programs: 0
17:24:43:  * Number of boolean constants for fragment programs: 0
17:24:43:  * Geometry programs: no
17:24:43:  * Number of floating-point constants for geometry programs: 0
17:24:43:  * Number of integer constants for geometry programs: 0
17:24:43:  * Number of boolean constants for geometry programs: 0
17:24:43:  * Supported Shader Profiles: arbfp1 arbvp1 glsl
17:24:43:  * Texture Compression: yes
17:24:43:    - DXT: yes
17:24:43:    - VTC: no
17:24:43:    - PVRTC: no
17:24:43:  * Scissor Rectangle: yes
17:24:43:  * Hardware Occlusion Query: yes
17:24:43:  * User clip planes: yes
17:24:43:  * VET_UBYTE4 vertex element type: yes
17:24:43:  * Infinite far plane projection: yes
17:24:43:  * Hardware render-to-texture: yes
17:24:43:  * Floating point textures: yes
17:24:43:  * Non-power-of-two textures: yes
17:24:43:  * Volume textures: yes
17:24:43:  * Multiple Render Targets: 8
17:24:43:    - With different bit depths: yes
17:24:43:  * Point Sprites: yes
17:24:43:  * Extended point parameters: yes
17:24:43:  * Max Point Size: 255
17:24:43:  * Vertex texture fetch: yes
17:24:43:  * Number of world matrices: 0
17:24:43:  * Number of texture units: 16
17:24:43:  * Stencil buffer depth: 8
17:24:43:  * Number of vertex blend matrices: 0
17:24:43:    - Max vertex textures: 16
17:24:43:    - Vertex textures shared: yes
17:24:43:  * Render to Vertex Buffer : no
17:24:43:  * GL 1.5 without VBO workaround: no
17:24:43:  * Frame Buffer objects: yes
17:24:43:  * Frame Buffer objects (ARB extension): no
17:24:43:  * Frame Buffer objects (ATI extension): no
17:24:43:  * PBuffer support: yes
17:24:43:  * GL 1.5 without HW-occlusion workaround: no
17:24:43:  * Separate shader objects: no
17:24:43: DefaultWorkQueue('Root') initialising on thread 2674.
17:24:43: DefaultWorkQueue('Root')::WorkerFunc - thread 2d74 starting.
17:24:43: DefaultWorkQueue('Root')::WorkerFunc - thread 28d0 starting.
17:24:43: DefaultWorkQueue('Root')::WorkerFunc - thread 28b4 starting.
17:24:43: DefaultWorkQueue('Root')::WorkerFunc - thread 2e88 starting.
17:24:43: DefaultWorkQueue('Root')::WorkerFunc - thread 1f40 starting.
17:24:43: DefaultWorkQueue('Root')::WorkerFunc - thread 2e24 starting.
17:24:43: DefaultWorkQueue('Root')::WorkerFunc - thread 2908 starting.
17:24:43: DefaultWorkQueue('Root')::WorkerFunc - thread 2fb8 starting.
17:24:43: Particle Renderer Type 'billboard' registered
17:24:43: SceneManagerFactory for type 'BspSceneManager' registered.
17:24:43: Registering ResourceManager for type BspLevel
17:24:43: SceneManagerFactory for type 'PCZSceneManager' registered.
17:24:43: MovableObjectFactory for type 'PCZLight' registered.
17:24:43: MovableObjectFactory for type 'Portal' registered.
17:24:43: MovableObjectFactory for type 'AntiPortal' registered.
17:24:43: PCZone Factory Type 'ZoneType_Octree' registered
17:24:43: SceneManagerFactory for type 'OctreeSceneManager' registered.
17:24:43: +++ root initialized
17:24:43: +++ render window created
17:24:43: +++ OIS initialized
17:24:43: Added resource location 'C:/OgreSDK_vc10_v1-8-1/media' of type 'FileSystem' to resource group 'General'
17:24:43: Added resource location 'C:/OgreSDK_vc10_v1-8-1/media/models' of type 'FileSystem' to resource group 'General'
17:24:43: Added resource location 'C:/OgreSDK_vc10_v1-8-1/media/media/materials' of type 'FileSystem' to resource group 'General'
17:24:43: Added resource location 'C:/OgreSDK_vc10_v1-8-1/media/materials/textures' of type 'FileSystem' to resource group 'General'
17:24:43: Added resource location 'C:/OgreSDK_vc10_v1-8-1/media/materials/programs' of type 'FileSystem' to resource group 'General'
17:24:43: Added resource location 'C:/OgreSDK_vc10_v1-8-1/media/materials/scripts' of type 'FileSystem' to resource group 'General'
17:24:43: Parsing scripts for resource group Autodetect
17:24:43: Finished parsing scripts for resource group Autodetect
17:24:43: Creating resources for group Autodetect
17:24:43: All done
17:24:43: Parsing scripts for resource group General
17:24:43: Parsing script Instancing.program
17:24:43: Parsing script DualQuaternion.program
17:24:43: OGRE EXCEPTION(7:InternalErrorException): Unable to compile Cg program Ogre/DualQuaternionHardwareSkinningTwoWeightsTwoPhaseCg: The compile returned an error.
DualQuaternion_Common.cg(167) : warning C7019: "blendWgt" is too large for semantic "BLENDWEIGHT", which is size 1
(0) : error C6007: Constant register limit exceeded; more than 96 constant registers needed to compiled program
(0) : error C6007: Constant register limit exceeded; more than 96 constant registers needed to compiled program
(0) : error C6007: Constant register limit exceeded; more than 96 constant registers needed to compiled program
 in CgProgram::compileMicrocode at C:\Users\James\Documents\OgreSource\ogre_src_v1-8-1\PlugIns\CgProgramManager\src\OgreCgProgramManagerDll.cpp (line 67)
17:24:43: High-level program Ogre/DualQuaternionHardwareSkinningTwoWeightsTwoPhaseCg encountered an error during loading and is thus not supported.
OGRE EXCEPTION(7:InternalErrorException): Unable to compile Cg program Ogre/DualQuaternionHardwareSkinningTwoWeightsTwoPhaseCg: The compile returned an error.
DualQuaternion_Common.cg(167) : warning C7019: "blendWgt" is too large for semantic "BLENDWEIGHT", which is size 1
(0) : error C6007: Constant register limit exceeded; more than 96 constant registers needed to compiled program
(0) : error C6007: Constant register limit exceeded; more than 96 constant registers needed to compiled program
(0) : error C6007: Constant register limit exceeded; more than 96 constant registers needed to compiled program
 in CgProgram::compileMicrocode at C:\Users\James\Documents\OgreSource\ogre_src_v1-8-1\PlugIns\CgProgramManager\src\OgreCgProgramManagerDll.cpp (line 67)
17:24:43: OGRE EXCEPTION(2:InvalidParametersException): Named constants have not been initialised, perhaps a compile error. in GpuProgramParameters::_findNamedConstantDefinition at C:\Users\James\Documents\OgreSource\ogre_src_v1-8-1\OgreMain\src\OgreGpuProgramParams.cpp (line 1441)
17:24:43: Compiler error: invalid parameters in DualQuaternion.program(28): setting of constant failed
17:24:43: Parsing script Examples.program
17:24:44: Parsing script StdQuad_vp.program
17:24:44: Parsing script ASCII.material
17:24:44: Parsing script ASMSwizzle.material
17:24:44: Compiler error: object unsupported by render system in ASMSwizzle.material(1)
17:24:44: Parsing script BlackAndWhite.material
17:24:44: Parsing script Bloom.material
17:24:44: Parsing script Bloom2.material
17:24:44: Parsing script CGSwizzle.material
17:24:44: Parsing script CompositorDemo.material
17:24:44: Parsing script DepthShadowmap.material
17:24:45: Parsing script Dither.material
17:24:45: Parsing script DOF.material
17:24:45: Parsing script DualQuaternion.material
17:24:45: Parsing script Embossed.material
17:24:45: Parsing script Example-Water.material
17:24:45: Parsing script Examples-Advanced.material
17:24:46: Compiler error: object unsupported by render system in Examples-Advanced.material(524)
17:24:46: Compiler error: object unsupported by render system in Examples-Advanced.material(787)
17:24:46: Parsing script Examples-DynTex.material
17:24:46: Parsing script Examples-Water.material
17:24:46: Parsing script Examples.material
17:24:48: Parsing script facial.material
17:24:48: Parsing script Glass.material
17:24:48: Parsing script GLSLSwizzle.material
17:24:48: Parsing script Halftone.material
17:24:48: Parsing script hdr.material
17:24:49: Parsing script HeatVision.material
17:24:49: Parsing script Hurt.material
17:24:49: Parsing script HWInstancing.material
17:24:49: Parsing script HW_VTFInstancing.material
17:24:49: Parsing script HW_VTF_LUTInstancing.material
17:24:49: Parsing script instancing.material
17:24:49: Parsing script InstancingMisc.material
17:24:49: Parsing script Invert.material
17:24:49: Parsing script IsoSurf.material
17:24:50: Parsing script Laplace.material
17:24:50: Parsing script MotionBlur.material
17:24:50: Parsing script MRTtest.material
17:24:50: Parsing script NightVision.material
17:24:50: Parsing script Ocean.material
17:24:50: Parsing script OffsetMapping.material
17:24:51: Compiler error: object unsupported by render system in OffsetMapping.material(35)
17:24:51: Parsing script Ogre.material
17:24:51: Parsing script OldMovie.material
17:24:51: Parsing script OldTV.material
17:24:51: Parsing script ParticleGS.material
17:24:51: Parsing script Penguin.material
17:24:51: Parsing script Posterize.material
17:24:51: Parsing script pssm.material
17:24:51: Parsing script RadialBlur.material
17:24:51: Parsing script RZR-002.material
17:24:51: Parsing script ShaderInstancing.material
17:24:51: Parsing script ShaderSystem.material
17:24:51: Parsing script shadows.material
17:24:52: Parsing script SharpenEdges.material
17:24:52: Parsing script sibenik.material
17:24:52: Parsing script smoke.material
17:24:52: Parsing script Tiling.material
17:24:52: Parsing script VarianceShadowmap.material
17:24:52: Parsing script VTFInstancing.material
17:24:52: Parsing script Examples.compositor
17:24:52: Finished parsing scripts for resource group General
17:24:52: Creating resources for group General
17:24:52: All done
17:24:52: Parsing scripts for resource group Internal
17:24:52: Finished parsing scripts for resource group Internal
17:24:52: Creating resources for group Internal
17:24:52: All done
17:24:52: Mesh: Loading penguin.mesh.
17:24:52: Skeleton: Loading penguin.skeleton
17:24:53: Texture: penguin.jpg: Loading 1 faces(PF_R8G8B8,512x512x1) with 9 generated mipmaps from Image. Internal format is PF_X8R8G8B8,512x512x1.
17:24:53: Texture: BeachStones.jpg: Loading 1 faces(PF_R8G8B8,512x512x1) with 9 generated mipmaps from Image. Internal format is PF_X8R8G8B8,512x512x1.
17:30:40: DefaultWorkQueue('Root') shutting down on thread 2674.
17:30:40: DefaultWorkQueue('Root')::WorkerFunc - thread 2e88 stopped.
17:30:40: DefaultWorkQueue('Root')::WorkerFunc - thread 2fb8 stopped.
17:30:40: DefaultWorkQueue('Root')::WorkerFunc - thread 2908 stopped.
17:30:40: DefaultWorkQueue('Root')::WorkerFunc - thread 2d74 stopped.
17:30:40: DefaultWorkQueue('Root')::WorkerFunc - thread 28b4 stopped.
17:30:40: DefaultWorkQueue('Root')::WorkerFunc - thread 2e24 stopped.
17:30:40: DefaultWorkQueue('Root')::WorkerFunc - thread 1f40 stopped.
17:30:40: DefaultWorkQueue('Root')::WorkerFunc - thread 28d0 stopped.
17:30:40: PCZone Factory Type 'ZoneType_Octree' unregistered
17:30:40: Unregistering ResourceManager for type BspLevel
17:30:40: *-*-* OGRE Shutdown
17:30:40: Unregistering ResourceManager for type Compositor
17:30:40: Unregistering ResourceManager for type Font
17:30:40: Unregistering ResourceManager for type Skeleton
17:30:40: Unregistering ResourceManager for type Mesh
17:30:40: Unregistering ResourceManager for type HighLevelGpuProgram
17:30:40: Uninstalling plugin: Octree Scene Manager
17:30:40: Plugin successfully uninstalled
17:30:40: Unloading library ../../../OGRE/bin/debug\Plugin_OctreeSceneManager_d
17:30:40: Uninstalling plugin: Octree Zone Factory
17:30:40: Plugin successfully uninstalled
17:30:40: Unloading library ../../../OGRE/bin/debug\Plugin_OctreeZone_d.dll
17:30:40: Uninstalling plugin: Portal Connected Zone Scene Manager
17:30:40: Plugin successfully uninstalled
17:30:40: Unloading library ../../../OGRE/bin/debug\Plugin_PCZSceneManager_d.dll
17:30:40: Uninstalling plugin: Cg Program Manager
17:30:40: Plugin successfully uninstalled
17:30:40: Unloading library ../../../OGRE/bin/debug\Plugin_CgProgramManager_d
17:30:40: Uninstalling plugin: BSP Scene Manager
17:30:40: Plugin successfully uninstalled
17:30:40: Unloading library ../../../OGRE/bin/debug\Plugin_BSPSceneManager_d
17:30:40: Uninstalling plugin: ParticleFX
17:30:40: Plugin successfully uninstalled
17:30:40: Unloading library ../../../OGRE/bin/debug\Plugin_ParticleFX_d
17:30:40: Uninstalling plugin: GL RenderSystem
17:30:40: Unregistering ResourceManager for type GpuProgram
17:30:40: *** Stopping Win32GL Subsystem ***
17:30:40: Unregistering ResourceManager for type Texture
17:30:40: Plugin successfully uninstalled
17:30:40: Unloading library ../../../OGRE/bin/debug\RenderSystem_GL_d
17:30:40: Unregistering ResourceManager for type Material
