16:50:49: Creating resource group General
16:50:49: Creating resource group Internal
16:50:49: Creating resource group Autodetect
16:50:49: SceneManagerFactory for type 'DefaultSceneManager' registered.
16:50:49: Registering ResourceManager for type Material
16:50:49: Registering ResourceManager for type Mesh
16:50:49: Registering ResourceManager for type Skeleton
16:50:49: MovableObjectFactory for type 'ParticleSystem' registered.
16:50:49: OverlayElementFactory for type Panel registered.
16:50:49: OverlayElementFactory for type BorderPanel registered.
16:50:49: OverlayElementFactory for type TextArea registered.
16:50:49: Registering ResourceManager for type Font
16:50:49: ArchiveFactory for archive type FileSystem registered.
16:50:49: ArchiveFactory for archive type Zip registered.
16:50:49: ArchiveFactory for archive type EmbeddedZip registered.
16:50:49: DDS codec registering
16:50:49: FreeImage version: 3.15.3
16:50:49: This program uses FreeImage, a free, open source image library supporting all common bitmap formats. See http://freeimage.sourceforge.net for details
16:50:49: Supported formats: bmp,ico,jpg,jif,jpeg,jpe,jng,koa,iff,lbm,mng,pbm,pbm,pcd,pcx,pgm,pgm,png,ppm,ppm,ras,tga,targa,tif,tiff,wap,wbmp,wbm,psd,cut,xbm,xpm,gif,hdr,g3,sgi,exr,j2k,j2c,jp2,pfm,pct,pict,pic,3fr,arw,bay,bmq,cap,cine,cr2,crw,cs1,dc2,dcr,drf,dsc,dng,erf,fff,ia,iiq,k25,kc2,kdc,mdc,mef,mos,mrw,nef,nrw,orf,pef,ptx,pxn,qtk,raf,raw,rdc,rw2,rwl,rwz,sr2,srf,srw,sti
16:50:49: Registering ResourceManager for type HighLevelGpuProgram
16:50:49: Registering ResourceManager for type Compositor
16:50:49: MovableObjectFactory for type 'Entity' registered.
16:50:49: MovableObjectFactory for type 'Light' registered.
16:50:49: MovableObjectFactory for type 'BillboardSet' registered.
16:50:49: MovableObjectFactory for type 'ManualObject' registered.
16:50:49: MovableObjectFactory for type 'BillboardChain' registered.
16:50:49: MovableObjectFactory for type 'RibbonTrail' registered.
16:50:49: Loading library ./RenderSystem_Direct3D9_d
16:50:49: Installing plugin: D3D9 RenderSystem
16:50:49: D3D9 : Direct3D9 Rendering Subsystem created.
16:50:49: D3D9: Driver Detection Starts
16:50:49: D3D9: Driver Detection Ends
16:50:49: Plugin successfully installed
16:50:49: Loading library ./RenderSystem_GL_d
16:50:49: Installing plugin: GL RenderSystem
16:50:49: OpenGL Rendering Subsystem created.
16:50:50: Plugin successfully installed
16:50:50: Loading library ./Plugin_ParticleFX_d
16:50:50: Installing plugin: ParticleFX
16:50:50: Particle Emitter Type 'Point' registered
16:50:50: Particle Emitter Type 'Box' registered
16:50:50: Particle Emitter Type 'Ellipsoid' registered
16:50:50: Particle Emitter Type 'Cylinder' registered
16:50:50: Particle Emitter Type 'Ring' registered
16:50:50: Particle Emitter Type 'HollowEllipsoid' registered
16:50:50: Particle Affector Type 'LinearForce' registered
16:50:50: Particle Affector Type 'ColourFader' registered
16:50:50: Particle Affector Type 'ColourFader2' registered
16:50:50: Particle Affector Type 'ColourImage' registered
16:50:50: Particle Affector Type 'ColourInterpolator' registered
16:50:50: Particle Affector Type 'Scaler' registered
16:50:50: Particle Affector Type 'Rotator' registered
16:50:50: Particle Affector Type 'DirectionRandomiser' registered
16:50:50: Particle Affector Type 'DeflectorPlane' registered
16:50:50: Plugin successfully installed
16:50:50: Loading library ./Plugin_BSPSceneManager_d
16:50:50: Installing plugin: BSP Scene Manager
16:50:50: Plugin successfully installed
16:50:50: Loading library ./Plugin_CgProgramManager_d
16:50:50: Installing plugin: Cg Program Manager
16:50:50: Plugin successfully installed
16:50:50: Loading library ./Plugin_PCZSceneManager_d.dll
16:50:50: Installing plugin: Portal Connected Zone Scene Manager
16:50:50: PCZone Factory Type 'ZoneType_Default' registered
16:50:50: Plugin successfully installed
16:50:50: Loading library ./Plugin_OctreeZone_d.dll
16:50:50: Installing plugin: Octree Zone Factory
16:50:50: Plugin successfully installed
16:50:50: Loading library ./Plugin_OctreeSceneManager_d
16:50:50: Installing plugin: Octree Scene Manager
16:50:50: Plugin successfully installed
16:50:50: *-*-* OGRE Initialising
16:50:50: *-*-* Version 1.8.1 (Byatis)
16:50:50: +++ root configured
16:50:50: CPU Identifier & Features
16:50:50: -------------------------
16:50:50:  *   CPU ID: GenuineIntel: Intel(R) Core(TM) i7-3770 CPU @ 3.40GHz
16:50:50:  *      SSE: yes
16:50:50:  *     SSE2: yes
16:50:50:  *     SSE3: yes
16:50:50:  *      MMX: yes
16:50:50:  *   MMXEXT: yes
16:50:50:  *    3DNOW: no
16:50:50:  * 3DNOWEXT: no
16:50:50:  *     CMOV: yes
16:50:50:  *      TSC: yes
16:50:50:  *      FPU: yes
16:50:50:  *      PRO: yes
16:50:50:  *       HT: no
16:50:50: -------------------------
16:50:50: *** Starting Win32GL Subsystem ***
16:50:50: Registering ResourceManager for type Texture
16:50:50: GLRenderSystem::_createRenderWindow "OGRE Render Window", 1024x768 windowed  miscParams: FSAA=0 FSAAHint= colourDepth=32 displayFrequency=60 gamma=false vsync=false vsyncInterval=1 
16:50:50: Created Win32Window 'OGRE Render Window' : 1040x806, 32bpp
16:50:50: GL_VERSION = 4.4.0
16:50:50: GL_VENDOR = NVIDIA Corporation
16:50:50: GL_RENDERER = GeForce GTX 560 Ti/PCIe/SSE2
16:50:50: GL_EXTENSIONS = GL_AMD_multi_draw_indirect GL_ARB_arrays_of_arrays GL_ARB_base_instance GL_ARB_blend_func_extended GL_ARB_buffer_storage GL_ARB_clear_buffer_object GL_ARB_clear_texture GL_ARB_color_buffer_float GL_ARB_compatibility GL_ARB_compressed_texture_pixel_storage GL_ARB_conservative_depth GL_ARB_compute_shader GL_ARB_compute_variable_group_size GL_ARB_copy_buffer GL_ARB_copy_image GL_ARB_debug_output GL_ARB_depth_buffer_float GL_ARB_depth_clamp GL_ARB_depth_texture GL_ARB_draw_buffers GL_ARB_draw_buffers_blend GL_ARB_draw_indirect GL_ARB_draw_elements_base_vertex GL_ARB_draw_instanced GL_ARB_enhanced_layouts GL_ARB_ES2_compatibility GL_ARB_ES3_compatibility GL_ARB_explicit_attrib_location GL_ARB_explicit_uniform_location GL_ARB_fragment_coord_conventions GL_ARB_fragment_layer_viewport GL_ARB_fragment_program GL_ARB_fragment_program_shadow GL_ARB_fragment_shader GL_ARB_framebuffer_no_attachments GL_ARB_framebuffer_object GL_ARB_framebuffer_sRGB GL_ARB_geometry_shader4 GL_ARB_get_program_binary GL_ARB_gpu_shader5 GL_ARB_gpu_shader_fp64 GL_ARB_half_float_pixel GL_ARB_half_float_vertex GL_ARB_imaging GL_ARB_indirect_parameters GL_ARB_instanced_arrays GL_ARB_internalformat_query GL_ARB_internalformat_query2 GL_ARB_invalidate_subdata GL_ARB_map_buffer_alignment GL_ARB_map_buffer_range GL_ARB_multi_bind GL_ARB_multi_draw_indirect GL_ARB_multisample GL_ARB_multitexture GL_ARB_occlusion_query GL_ARB_occlusion_query2 GL_ARB_pixel_buffer_object GL_ARB_point_parameters GL_ARB_point_sprite GL_ARB_program_interface_query GL_ARB_provoking_vertex GL_ARB_robust_buffer_access_behavior GL_ARB_robustness GL_ARB_sample_shading GL_ARB_sampler_objects GL_ARB_seamless_cube_map GL_ARB_separate_shader_objects GL_ARB_shader_atomic_counters GL_ARB_shader_bit_encoding GL_ARB_shader_draw_parameters GL_ARB_shader_group_vote GL_ARB_shader_image_load_store GL_ARB_shader_image_size GL_ARB_shader_objects GL_ARB_shader_precision GL_ARB_query_buffer_object GL_ARB_shader_storage_buffer_object GL_ARB_shader_subroutine GL_ARB_shader_texture_lod GL_ARB_shading_language_100 GL_ARB_shading_language_420pack GL_ARB_shading_language_include GL_ARB_shading_language_packing GL_ARB_shadow GL_ARB_stencil_texturing GL_ARB_sync GL_ARB_tessellation_shader GL_ARB_texture_border_clamp GL_ARB_texture_buffer_object GL_ARB_texture_buffer_object_rgb32 GL_ARB_texture_buffer_range GL_ARB_texture_compression GL_ARB_texture_compression_bptc GL_ARB_texture_compression_rgtc GL_ARB_texture_cube_map GL_ARB_texture_cube_map_array GL_ARB_texture_env_add GL_ARB_texture_env_combine GL_ARB_texture_env_crossbar GL_ARB_texture_env_dot3 GL_ARB_texture_float GL_ARB_texture_gather GL_ARB_texture_mirror_clamp_to_edge GL_ARB_texture_mirrored_repeat GL_ARB_texture_multisample GL_ARB_texture_non_power_of_two GL_ARB_texture_query_levels GL_ARB_texture_query_lod GL_ARB_texture_rectangle GL_ARB_texture_rg GL_ARB_texture_rgb10_a2ui GL_ARB_texture_stencil8 GL_ARB_texture_storage GL_ARB_texture_storage_multisample GL_ARB_texture_swizzle GL_ARB_texture_view GL_ARB_timer_query GL_ARB_transform_feedback2 GL_ARB_transform_feedback3 GL_ARB_transform_feedback_instanced GL_ARB_transpose_matrix GL_ARB_uniform_buffer_object GL_ARB_vertex_array_bgra GL_ARB_vertex_array_object GL_ARB_vertex_attrib_64bit GL_ARB_vertex_attrib_binding GL_ARB_vertex_buffer_object GL_ARB_vertex_program GL_ARB_vertex_shader GL_ARB_vertex_type_10f_11f_11f_rev GL_ARB_vertex_type_2_10_10_10_rev GL_ARB_viewport_array GL_ARB_window_pos GL_ATI_draw_buffers GL_ATI_texture_float GL_ATI_texture_mirror_once GL_S3_s3tc GL_EXT_texture_env_add GL_EXT_abgr GL_EXT_bgra GL_EXT_bindable_uniform GL_EXT_blend_color GL_EXT_blend_equation_separate GL_EXT_blend_func_separate GL_EXT_blend_minmax GL_EXT_blend_subtract GL_EXT_compiled_vertex_array GL_EXT_Cg_shader GL_EXT_depth_bounds_test GL_EXT_direct_state_access GL_EXT_draw_buffers2 GL_EXT_draw_instanced GL_EXT_draw_range_elements GL_EXT_fog_coord GL_EXT_framebuffer_blit GL_EXT_framebuffer_multisample GL_EXTX_framebuffer_mixed_formats GL_EXT_framebuffer_multisample_blit_scaled GL_EXT_framebuffer_object GL_EXT_framebuffer_sRGB GL_EXT_geometry_shader4 GL_EXT_gpu_program_parameters GL_EXT_gpu_shader4 GL_EXT_multi_draw_arrays GL_EXT_packed_depth_stencil GL_EXT_packed_float GL_EXT_packed_pixels GL_EXT_pixel_buffer_object GL_EXT_point_parameters GL_EXT_provoking_vertex GL_EXT_rescale_normal GL_EXT_secondary_color GL_EXT_separate_shader_objects GL_EXT_separate_specular_color GL_EXT_shader_image_load_store GL_EXT_shadow_funcs GL_EXT_stencil_two_side GL_EXT_stencil_wrap GL_EXT_texture3D GL_EXT_texture_array GL_EXT_texture_buffer_object GL_EXT_texture_compression_dxt1 GL_EXT_texture_compression_latc GL_EXT_texture_compression_rgtc GL_EXT_texture_compression_s3tc GL_EXT_texture_cube_map GL_EXT_texture_edge_clamp GL_EXT_texture_env_combine GL_EXT_texture_env_dot3 GL_EXT_texture_filter_anisotropic GL_EXT_texture_integer GL_EXT_texture_lod GL_EXT_texture_lod_bias GL_EXT_texture_mirror_clamp GL_EXT_texture_object GL_EXT_texture_shared_exponent GL_EXT_texture_sRGB GL_EXT_texture_sRGB_decode GL_EXT_texture_storage GL_EXT_texture_swizzle GL_EXT_timer_query GL_EXT_transform_feedback2 GL_EXT_vertex_array GL_EXT_vertex_array_bgra GL_EXT_vertex_attrib_64bit GL_EXT_import_sync_object GL_IBM_rasterpos_clip GL_IBM_texture_mirrored_repeat GL_KHR_debug GL_KTX_buffer_region GL_NV_bindless_multi_draw_indirect GL_NV_blend_equation_advanced GL_NV_blend_square GL_NV_compute_program5 GL_NV_conditional_render GL_NV_copy_depth_to_color GL_NV_copy_image GL_NV_depth_buffer_float GL_NV_depth_clamp GL_NV_draw_texture GL_NV_ES1_1_compatibility GL_NV_explicit_multisample GL_NV_fence GL_NV_float_buffer GL_NV_fog_distance GL_NV_fragment_program GL_NV_fragment_program_option GL_NV_fragment_program2 GL_NV_framebuffer_multisample_coverage GL_NV_geometry_shader4 GL_NV_gpu_program4 GL_NV_gpu_program4_1 GL_NV_gpu_program5 GL_NV_gpu_program5_mem_extended GL_NV_gpu_program_fp64 GL_NV_gpu_shader5 GL_NV_half_float GL_NV_light_max_exponent GL_NV_multisample_coverage GL_NV_multisample_filter_hint GL_NV_occlusion_query GL_NV_packed_depth_stencil GL_NV_parameter_buffer_object GL_NV_parameter_buffer_object2 GL_NV_path_rendering GL_NV_pixel_data_range GL_NV_point_sprite GL_NV_primitive_restart GL_NV_register_combiners GL_NV_register_combiners2 GL_NV_shader_atomic_counters GL_NV_shader_atomic_float GL_NV_shader_buffer_load GL_NV_shader_storage_buffer_object GL_ARB_sparse_texture GL_NV_texgen_reflection GL_NV_texture_barrier GL_NV_texture_compression_vtc GL_NV_texture_env_combine4 GL_NV_texture_expand_normal GL_NV_texture_multisample GL_NV_texture_rectangle GL_NV_texture_shader GL_NV_texture_shader2 GL_NV_texture_shader3 GL_NV_transform_feedback GL_NV_transform_feedback2 GL_NV_vertex_array_range GL_NV_vertex_array_range2 GL_NV_vertex_attrib_integer_64bit GL_NV_vertex_buffer_unified_memory GL_NV_vertex_program GL_NV_vertex_program1_1 GL_NV_vertex_program2 GL_NV_vertex_program2_option GL_NV_vertex_program3 GL_NVX_conditional_render GL_NVX_gpu_memory_info GL_OES_compressed_ETC1_RGB8_texture GL_SGIS_generate_mipmap GL_SGIS_texture_lod GL_SGIX_depth_texture GL_SGIX_shadow GL_SUN_slice_accum GL_WIN_swap_hint WGL_EXT_swap_control 
16:50:50: Supported WGL extensions: WGL_ARB_buffer_region WGL_ARB_create_context WGL_ARB_create_context_profile WGL_ARB_create_context_robustness WGL_ARB_extensions_string WGL_ARB_make_current_read WGL_ARB_multisample WGL_ARB_pbuffer WGL_ARB_pixel_format WGL_ARB_pixel_format_float WGL_ARB_render_texture WGL_ATI_pixel_format_float WGL_EXT_create_context_es_profile WGL_EXT_create_context_es2_profile WGL_EXT_extensions_string WGL_EXT_framebuffer_sRGB WGL_EXT_pixel_format_packed_float WGL_EXT_swap_control WGL_EXT_swap_control_tear WGL_NVX_DX_interop WGL_NV_DX_interop WGL_NV_DX_interop2 WGL_NV_delay_before_swap WGL_NV_float_buffer WGL_NV_multisample_coverage WGL_NV_render_depth_texture WGL_NV_render_texture_rectangle 
16:50:50: ***************************
16:50:50: *** GL Renderer Started ***
16:50:50: ***************************
16:50:50: Registering ResourceManager for type GpuProgram
16:50:50: GLSL support detected
16:50:50: GL: Using GL_EXT_framebuffer_object for rendering to textures (best)
16:50:50: FBO PF_UNKNOWN depth/stencil support: D0S8 D16S0 D24S0 D32S0 Packed-D24S8 
16:50:50: FBO PF_L8 depth/stencil support: D0S0 D0S8 D16S0 D24S0 D32S0 Packed-D24S8 
16:50:50: FBO PF_A8 depth/stencil support: D0S0 D0S8 D16S0 D24S0 D32S0 Packed-D24S8 
16:50:50: FBO PF_A4L4 depth/stencil support: D0S0 D0S8 D16S0 D24S0 D32S0 Packed-D24S8 
16:50:50: FBO PF_BYTE_LA depth/stencil support: D0S0 D0S8 D16S0 D24S0 D32S0 Packed-D24S8 
16:50:50: FBO PF_R5G6B5 depth/stencil support: D0S0 D0S8 D16S0 D24S0 D32S0 Packed-D24S8 
16:50:50: FBO PF_B5G6R5 depth/stencil support: D0S0 D0S8 D16S0 D24S0 D32S0 Packed-D24S8 
16:50:50: FBO PF_A4R4G4B4 depth/stencil support: D0S0 D0S8 D16S0 D24S0 D32S0 Packed-D24S8 
16:50:50: FBO PF_A1R5G5B5 depth/stencil support: D0S0 D0S8 D16S0 D24S0 D32S0 Packed-D24S8 
16:50:50: FBO PF_R8G8B8 depth/stencil support: D0S0 D0S8 D16S0 D24S0 D32S0 Packed-D24S8 
16:50:50: FBO PF_B8G8R8 depth/stencil support: D0S0 D0S8 D16S0 D24S0 D32S0 Packed-D24S8 
16:50:50: FBO PF_A8R8G8B8 depth/stencil support: D0S0 D0S8 D16S0 D24S0 D32S0 Packed-D24S8 
16:50:50: FBO PF_B8G8R8A8 depth/stencil support: D0S0 D0S8 D16S0 D24S0 D32S0 Packed-D24S8 
16:50:50: FBO PF_A2R10G10B10 depth/stencil support: D0S0 D0S8 D16S0 D24S0 D32S0 Packed-D24S8 
16:50:50: FBO PF_A2B10G10R10 depth/stencil support: D0S0 D0S8 D16S0 D24S0 D32S0 Packed-D24S8 
16:50:50: FBO PF_FLOAT16_RGB depth/stencil support: D0S0 D0S8 D16S0 D24S0 D32S0 Packed-D24S8 
16:50:50: FBO PF_FLOAT16_RGBA depth/stencil support: D0S0 D0S8 D16S0 D24S0 D32S0 Packed-D24S8 
16:50:50: FBO PF_FLOAT32_RGB depth/stencil support: D0S0 D0S8 D16S0 D24S0 D32S0 Packed-D24S8 
16:50:50: FBO PF_FLOAT32_RGBA depth/stencil support: D0S0 D0S8 D16S0 D24S0 D32S0 Packed-D24S8 
16:50:50: FBO PF_X8R8G8B8 depth/stencil support: D0S0 D0S8 D16S0 D24S0 D32S0 Packed-D24S8 
16:50:50: FBO PF_X8B8G8R8 depth/stencil support: D0S0 D0S8 D16S0 D24S0 D32S0 Packed-D24S8 
16:50:50: FBO PF_SHORT_RGBA depth/stencil support: D0S0 D0S8 D16S0 D24S0 D32S0 Packed-D24S8 
16:50:50: FBO PF_R3G3B2 depth/stencil support: D0S0 D0S8 D16S0 D24S0 D32S0 Packed-D24S8 
16:50:50: FBO PF_FLOAT16_R depth/stencil support: D0S0 D0S8 D16S0 D24S0 D32S0 Packed-D24S8 
16:50:50: FBO PF_FLOAT32_R depth/stencil support: D0S0 D0S8 D16S0 D24S0 D32S0 Packed-D24S8 
16:50:50: FBO PF_FLOAT16_GR depth/stencil support: D0S0 D0S8 D16S0 D24S0 D32S0 Packed-D24S8 
16:50:50: FBO PF_FLOAT32_GR depth/stencil support: D0S0 D0S8 D16S0 D24S0 D32S0 Packed-D24S8 
16:50:50: FBO PF_SHORT_RGB depth/stencil support: D0S0 D0S8 D16S0 D24S0 D32S0 Packed-D24S8 
16:50:50: [GL] : Valid FBO targets PF_UNKNOWN PF_L8 PF_A8 PF_A4L4 PF_BYTE_LA PF_R5G6B5 PF_B5G6R5 PF_A4R4G4B4 PF_A1R5G5B5 PF_R8G8B8 PF_B8G8R8 PF_A8R8G8B8 PF_B8G8R8A8 PF_A2R10G10B10 PF_A2B10G10R10 PF_FLOAT16_RGB PF_FLOAT16_RGBA PF_FLOAT32_RGB PF_FLOAT32_RGBA PF_X8R8G8B8 PF_X8B8G8R8 PF_SHORT_RGBA PF_R3G3B2 PF_FLOAT16_R PF_FLOAT32_R PF_FLOAT16_GR PF_FLOAT32_GR PF_SHORT_RGB 
16:50:50: RenderSystem capabilities
16:50:50: -------------------------
16:50:50: RenderSystem Name: OpenGL Rendering Subsystem
16:50:50: GPU Vendor: nvidia
16:50:50: Device Name: GeForce GTX 560 Ti/PCIe/SSE2
16:50:50: Driver Version: 4.4.0.0
16:50:50:  * Fixed function pipeline: yes
16:50:50:  * Hardware generation of mipmaps: yes
16:50:50:  * Texture blending: yes
16:50:50:  * Anisotropic texture filtering: yes
16:50:50:  * Dot product texture operation: yes
16:50:50:  * Cube mapping: yes
16:50:50:  * Hardware stencil buffer: yes
16:50:50:    - Stencil depth: 8
16:50:50:    - Two sided stencil support: yes
16:50:50:    - Wrap stencil values: yes
16:50:50:  * Hardware vertex / index buffers: yes
16:50:50:  * Vertex programs: yes
16:50:50:  * Number of floating-point constants for vertex programs: 1024
16:50:50:  * Number of integer constants for vertex programs: 0
16:50:50:  * Number of boolean constants for vertex programs: 0
16:50:50:  * Fragment programs: yes
16:50:50:  * Number of floating-point constants for fragment programs: 512
16:50:50:  * Number of integer constants for fragment programs: 0
16:50:50:  * Number of boolean constants for fragment programs: 0
16:50:50:  * Geometry programs: yes
16:50:50:  * Number of floating-point constants for geometry programs: 2048
16:50:50:  * Number of integer constants for geometry programs: 0
16:50:50:  * Number of boolean constants for geometry programs: 0
16:50:50:  * Supported Shader Profiles: arbfp1 arbvp1 fp20 fp30 fp40 glsl gp4fp gp4gp gp4vp gpu_fp gpu_gp gpu_vp nvgp4 vp30 vp40
16:50:50:  * Texture Compression: yes
16:50:50:    - DXT: yes
16:50:50:    - VTC: yes
16:50:50:    - PVRTC: no
16:50:50:  * Scissor Rectangle: yes
16:50:50:  * Hardware Occlusion Query: yes
16:50:50:  * User clip planes: yes
16:50:50:  * VET_UBYTE4 vertex element type: yes
16:50:50:  * Infinite far plane projection: yes
16:50:50:  * Hardware render-to-texture: yes
16:50:50:  * Floating point textures: yes
16:50:50:  * Non-power-of-two textures: yes
16:50:50:  * Volume textures: yes
16:50:50:  * Multiple Render Targets: 8
16:50:50:    - With different bit depths: yes
16:50:50:  * Point Sprites: yes
16:50:50:  * Extended point parameters: yes
16:50:50:  * Max Point Size: 2047
16:50:50:  * Vertex texture fetch: yes
16:50:50:  * Number of world matrices: 0
16:50:50:  * Number of texture units: 32
16:50:50:  * Stencil buffer depth: 8
16:50:50:  * Number of vertex blend matrices: 0
16:50:50:    - Max vertex textures: 32
16:50:50:    - Vertex textures shared: yes
16:50:50:  * Render to Vertex Buffer : yes
16:50:50:  * GL 1.5 without VBO workaround: no
16:50:50:  * Frame Buffer objects: yes
16:50:50:  * Frame Buffer objects (ARB extension): no
16:50:50:  * Frame Buffer objects (ATI extension): no
16:50:50:  * PBuffer support: yes
16:50:50:  * GL 1.5 without HW-occlusion workaround: no
16:50:50:  * Separate shader objects: no
16:50:50: DefaultWorkQueue('Root') initialising on thread 007F6F00.
16:50:50: DefaultWorkQueue('Root')::WorkerFunc - thread 05D103B8 starting.
16:50:50: DefaultWorkQueue('Root')::WorkerFunc - thread 00865878 starting.
16:50:50: DefaultWorkQueue('Root')::WorkerFunc - thread 00865DB8 starting.
16:50:50: DefaultWorkQueue('Root')::WorkerFunc - thread 008663D8 starting.
16:50:50: DefaultWorkQueue('Root')::WorkerFunc - thread 05D07290 starting.
16:50:50: DefaultWorkQueue('Root')::WorkerFunc - thread 00863320 starting.
16:50:50: DefaultWorkQueue('Root')::WorkerFunc - thread 00864DF0 starting.
16:50:50: DefaultWorkQueue('Root')::WorkerFunc - thread 00860380 starting.
16:50:50: Particle Renderer Type 'billboard' registered
16:50:50: SceneManagerFactory for type 'BspSceneManager' registered.
16:50:50: Registering ResourceManager for type BspLevel
16:50:50: SceneManagerFactory for type 'PCZSceneManager' registered.
16:50:50: MovableObjectFactory for type 'PCZLight' registered.
16:50:50: MovableObjectFactory for type 'Portal' registered.
16:50:50: MovableObjectFactory for type 'AntiPortal' registered.
16:50:50: PCZone Factory Type 'ZoneType_Octree' registered
16:50:50: SceneManagerFactory for type 'OctreeSceneManager' registered.
16:50:50: +++ root initialized
16:50:50: +++ render window created
16:50:50: +++ OIS initialized
16:50:50: Added resource location '../media' of type 'FileSystem' to resource group 'General'
16:50:50: Added resource location '../media/models' of type 'FileSystem' to resource group 'General'
16:50:50: Added resource location '../media/materials' of type 'FileSystem' to resource group 'General'
16:50:50: Added resource location '../media/materials/textures' of type 'FileSystem' to resource group 'General'
16:50:50: Added resource location '../media/materials/scripts' of type 'FileSystem' to resource group 'General'
16:50:50: Added resource location '../media/materials/programs' of type 'FileSystem' to resource group 'General'
16:50:50: Added resource location '../media/scenes' of type 'FileSystem' to resource group 'General'
16:50:50: Added resource location '../media/scenes/Terrain' of type 'FileSystem' to resource group 'General'
16:50:50: Added resource location '../media/materials/programs/Cg' of type 'FileSystem' to resource group 'General'
16:50:50: Added resource location '../media/materials/programs/GLSL' of type 'FileSystem' to resource group 'General'
16:50:50: Added resource location '../media/packs/Sinbad.zip' of type 'Zip' to resource group 'General'
16:50:50: Parsing scripts for resource group Autodetect
16:50:50: Finished parsing scripts for resource group Autodetect
16:50:50: Creating resources for group Autodetect
16:50:50: All done
16:50:50: Parsing scripts for resource group General
16:50:50: Parsing script DualQuaternion.program
16:50:50: Parsing script Examples.program
16:50:50: Parsing script StdQuad_vp.program
16:50:50: Parsing script Instancing.program
16:50:50: Parsing script ASCII.material
16:50:50: Parsing script ASMSwizzle.material
16:50:50: Parsing script BlackAndWhite.material
16:50:50: Parsing script Bloom.material
16:50:51: Parsing script Bloom2.material
16:50:51: Parsing script CGSwizzle.material
16:50:51: Parsing script CompositorDemo.material
16:50:51: Parsing script DepthShadowmap.material
16:50:51: Parsing script Dither.material
16:50:51: Parsing script DOF.material
16:50:51: Parsing script DualQuaternion.material
16:50:51: Parsing script Embossed.material
16:50:51: Parsing script Example-Water.material
16:50:51: Parsing script Examples-Advanced.material
16:50:52: Compiler error: object unsupported by render system in Examples-Advanced.material(524)
16:50:52: Parsing script Examples-DynTex.material
16:50:52: Parsing script Examples-Water.material
16:50:52: Parsing script Examples.material
16:50:53: Parsing script facial.material
16:50:53: Parsing script Glass.material
16:50:53: Parsing script GLSLSwizzle.material
16:50:53: Parsing script Halftone.material
16:50:53: Parsing script hdr.material
16:50:53: Parsing script HeatVision.material
16:50:53: Parsing script Hurt.material
16:50:53: Parsing script HWInstancing.material
16:50:54: Parsing script HW_VTFInstancing.material
16:50:54: Parsing script HW_VTF_LUTInstancing.material
16:50:54: Parsing script instancing.material
16:50:54: Parsing script InstancingMisc.material
16:50:54: Parsing script Invert.material
16:50:54: Parsing script IsoSurf.material
16:50:54: Problem parsing the following Cg Uniform: '@TMP29' in file Ogre/IsoSurf/TessellateTetrahedraGS_CG
16:50:54: Parsing script Laplace.material
16:50:54: Parsing script MotionBlur.material
16:50:54: Parsing script MRTtest.material
16:50:54: Parsing script NightVision.material
16:50:54: Parsing script Ocean.material
16:50:55: Parsing script OffsetMapping.material
16:50:55: Compiler error: object unsupported by render system in OffsetMapping.material(35)
16:50:55: Parsing script Ogre.material
16:50:55: Parsing script OldMovie.material
16:50:55: Parsing script OldTV.material
16:50:55: Parsing script ParticleGS.material
16:50:55: Parsing script Penguin.material
16:50:55: Parsing script Posterize.material
16:50:55: Parsing script pssm.material
16:50:55: Parsing script RadialBlur.material
16:50:55: Parsing script RZR-002.material
16:50:55: Parsing script ShaderInstancing.material
16:50:56: Parsing script ShaderSystem.material
16:50:56: Parsing script shadows.material
16:50:56: Parsing script SharpenEdges.material
16:50:56: Parsing script sibenik.material
16:50:56: Parsing script smoke.material
16:50:56: Parsing script Tiling.material
16:50:56: Parsing script VarianceShadowmap.material
16:50:56: Parsing script VTFInstancing.material
16:50:56: Parsing script Sinbad.material
16:50:56: Parsing script Examples.compositor
16:50:56: Finished parsing scripts for resource group General
16:50:56: Creating resources for group General
16:50:56: All done
16:50:56: Parsing scripts for resource group Internal
16:50:56: Finished parsing scripts for resource group Internal
16:50:56: Creating resources for group Internal
16:50:56: All done
16:50:56: Mesh: Loading Sinbad.mesh.
16:50:56: Skeleton: Loading Sinbad.skeleton
16:50:56: WARNING: Sinbad.mesh is an older format ([MeshSerializer_v1.40]); you should upgrade it as soon as possible using the OgreMeshUpgrade tool.
16:50:56: Texture: sinbad_body.tga: Loading 1 faces(PF_R8G8B8,512x512x1) with 9 generated mipmaps from Image. Internal format is PF_X8R8G8B8,512x512x1.
16:50:56: Texture: sinbad_clothes.tga: Loading 1 faces(PF_R8G8B8,512x512x1) with 9 generated mipmaps from Image. Internal format is PF_X8R8G8B8,512x512x1.
16:50:56: Texture: sinbad_sword.tga: Loading 1 faces(PF_R8G8B8,256x256x1) with 8 generated mipmaps from Image. Internal format is PF_X8R8G8B8,256x256x1.
16:50:56: WARNING: the mesh 'Sinbad.mesh' includes vertices with more than 4 bone assignments. The lowest weighted assignments beyond this limit have been removed, so your animation may look slightly different. To eliminate this, reduce the number of bone assignments per vertex on your mesh to 4.
16:51:03: DefaultWorkQueue('Root') shutting down on thread 007F6F00.
16:51:03: DefaultWorkQueue('Root')::WorkerFunc - thread 00865DB8 stopped.
16:51:03: DefaultWorkQueue('Root')::WorkerFunc - thread 008663D8 stopped.
16:51:03: DefaultWorkQueue('Root')::WorkerFunc - thread 00864DF0 stopped.
16:51:03: DefaultWorkQueue('Root')::WorkerFunc - thread 00865878 stopped.
16:51:03: DefaultWorkQueue('Root')::WorkerFunc - thread 05D103B8 stopped.
16:51:03: DefaultWorkQueue('Root')::WorkerFunc - thread 00860380 stopped.
16:51:03: DefaultWorkQueue('Root')::WorkerFunc - thread 00863320 stopped.
16:51:03: DefaultWorkQueue('Root')::WorkerFunc - thread 05D07290 stopped.
16:51:03: PCZone Factory Type 'ZoneType_Octree' unregistered
16:51:03: Unregistering ResourceManager for type BspLevel
16:51:03: *-*-* OGRE Shutdown
16:51:03: Unregistering ResourceManager for type Compositor
16:51:03: Unregistering ResourceManager for type Font
16:51:03: Unregistering ResourceManager for type Skeleton
16:51:03: Unregistering ResourceManager for type Mesh
16:51:03: Unregistering ResourceManager for type HighLevelGpuProgram
16:51:03: Uninstalling plugin: Octree Scene Manager
16:51:03: Plugin successfully uninstalled
16:51:03: Unloading library ./Plugin_OctreeSceneManager_d
16:51:03: Uninstalling plugin: Octree Zone Factory
16:51:03: Plugin successfully uninstalled
16:51:03: Unloading library ./Plugin_OctreeZone_d.dll
16:51:03: Uninstalling plugin: Portal Connected Zone Scene Manager
16:51:03: Plugin successfully uninstalled
16:51:03: Unloading library ./Plugin_PCZSceneManager_d.dll
16:51:03: Uninstalling plugin: Cg Program Manager
16:51:03: Plugin successfully uninstalled
16:51:03: Unloading library ./Plugin_CgProgramManager_d
16:51:03: Uninstalling plugin: BSP Scene Manager
16:51:03: Plugin successfully uninstalled
16:51:03: Unloading library ./Plugin_BSPSceneManager_d
16:51:03: Uninstalling plugin: ParticleFX
16:51:03: Plugin successfully uninstalled
16:51:03: Unloading library ./Plugin_ParticleFX_d
16:51:03: Uninstalling plugin: GL RenderSystem
16:51:03: Unregistering ResourceManager for type GpuProgram
16:51:03: *** Stopping Win32GL Subsystem ***
16:51:03: Unregistering ResourceManager for type Texture
16:51:03: Plugin successfully uninstalled
16:51:03: Unloading library ./RenderSystem_GL_d
16:51:03: Uninstalling plugin: D3D9 RenderSystem
16:51:03: D3D9 : Shutting down cleanly.
16:51:03: D3D9 : Direct3D9 Rendering Subsystem destroyed.
16:51:03: Plugin successfully uninstalled
16:51:03: Unloading library ./RenderSystem_Direct3D9_d
16:51:03: Unregistering ResourceManager for type Material
