13:56:16: Creating resource group General
13:56:16: Creating resource group Internal
13:56:16: Creating resource group Autodetect
13:56:16: SceneManagerFactory for type 'DefaultSceneManager' registered.
13:56:16: Registering ResourceManager for type Material
13:56:16: Registering ResourceManager for type Mesh
13:56:16: Registering ResourceManager for type Skeleton
13:56:16: MovableObjectFactory for type 'ParticleSystem' registered.
13:56:16: OverlayElementFactory for type Panel registered.
13:56:16: OverlayElementFactory for type BorderPanel registered.
13:56:16: OverlayElementFactory for type TextArea registered.
13:56:16: Registering ResourceManager for type Font
13:56:16: ArchiveFactory for archive type FileSystem registered.
13:56:16: ArchiveFactory for archive type Zip registered.
13:56:16: ArchiveFactory for archive type EmbeddedZip registered.
13:56:16: DDS codec registering
13:56:16: FreeImage version: 3.15.3
13:56:16: This program uses FreeImage, a free, open source image library supporting all common bitmap formats. See http://freeimage.sourceforge.net for details
13:56:16: Supported formats: bmp,ico,jpg,jif,jpeg,jpe,jng,koa,iff,lbm,mng,pbm,pbm,pcd,pcx,pgm,pgm,png,ppm,ppm,ras,tga,targa,tif,tiff,wap,wbmp,wbm,psd,cut,xbm,xpm,gif,hdr,g3,sgi,exr,j2k,j2c,jp2,pfm,pct,pict,pic,3fr,arw,bay,bmq,cap,cine,cr2,crw,cs1,dc2,dcr,drf,dsc,dng,erf,fff,ia,iiq,k25,kc2,kdc,mdc,mef,mos,mrw,nef,nrw,orf,pef,ptx,pxn,qtk,raf,raw,rdc,rw2,rwl,rwz,sr2,srf,srw,sti
13:56:16: Registering ResourceManager for type HighLevelGpuProgram
13:56:16: Registering ResourceManager for type Compositor
13:56:16: MovableObjectFactory for type 'Entity' registered.
13:56:16: MovableObjectFactory for type 'Light' registered.
13:56:16: MovableObjectFactory for type 'BillboardSet' registered.
13:56:16: MovableObjectFactory for type 'ManualObject' registered.
13:56:16: MovableObjectFactory for type 'BillboardChain' registered.
13:56:16: MovableObjectFactory for type 'RibbonTrail' registered.
13:56:16: Loading library ./RenderSystem_Direct3D9_d
13:56:16: Installing plugin: D3D9 RenderSystem
13:56:16: D3D9 : Direct3D9 Rendering Subsystem created.
13:56:16: D3D9: Driver Detection Starts
13:56:16: D3D9: Driver Detection Ends
13:56:17: Plugin successfully installed
13:56:17: Loading library ./RenderSystem_GL_d
13:56:17: Installing plugin: GL RenderSystem
13:56:17: OpenGL Rendering Subsystem created.
13:56:17: Plugin successfully installed
13:56:17: Loading library ./Plugin_ParticleFX_d
13:56:17: Installing plugin: ParticleFX
13:56:17: Particle Emitter Type 'Point' registered
13:56:17: Particle Emitter Type 'Box' registered
13:56:17: Particle Emitter Type 'Ellipsoid' registered
13:56:17: Particle Emitter Type 'Cylinder' registered
13:56:17: Particle Emitter Type 'Ring' registered
13:56:17: Particle Emitter Type 'HollowEllipsoid' registered
13:56:17: Particle Affector Type 'LinearForce' registered
13:56:17: Particle Affector Type 'ColourFader' registered
13:56:17: Particle Affector Type 'ColourFader2' registered
13:56:17: Particle Affector Type 'ColourImage' registered
13:56:17: Particle Affector Type 'ColourInterpolator' registered
13:56:17: Particle Affector Type 'Scaler' registered
13:56:17: Particle Affector Type 'Rotator' registered
13:56:17: Particle Affector Type 'DirectionRandomiser' registered
13:56:17: Particle Affector Type 'DeflectorPlane' registered
13:56:17: Plugin successfully installed
13:56:17: Loading library ./Plugin_BSPSceneManager_d
13:56:17: Installing plugin: BSP Scene Manager
13:56:17: Plugin successfully installed
13:56:17: Loading library ./Plugin_CgProgramManager_d
13:56:17: Installing plugin: Cg Program Manager
13:56:17: Plugin successfully installed
13:56:17: Loading library ./Plugin_PCZSceneManager_d.dll
13:56:17: Installing plugin: Portal Connected Zone Scene Manager
13:56:17: PCZone Factory Type 'ZoneType_Default' registered
13:56:17: Plugin successfully installed
13:56:17: Loading library ./Plugin_OctreeZone_d.dll
13:56:17: Installing plugin: Octree Zone Factory
13:56:17: Plugin successfully installed
13:56:17: Loading library ./Plugin_OctreeSceneManager_d
13:56:17: Installing plugin: Octree Scene Manager
13:56:17: Plugin successfully installed
13:56:17: *-*-* OGRE Initialising
13:56:17: *-*-* Version 1.8.1 (Byatis)
13:56:17: +++ root configured
13:56:17: CPU Identifier & Features
13:56:17: -------------------------
13:56:17:  *   CPU ID: GenuineIntel: Intel(R) Core(TM) i7-2630QM CPU @ 2.00GHz
13:56:17:  *      SSE: yes
13:56:17:  *     SSE2: yes
13:56:17:  *     SSE3: yes
13:56:17:  *      MMX: yes
13:56:17:  *   MMXEXT: yes
13:56:17:  *    3DNOW: no
13:56:17:  * 3DNOWEXT: no
13:56:17:  *     CMOV: yes
13:56:17:  *      TSC: yes
13:56:17:  *      FPU: yes
13:56:17:  *      PRO: yes
13:56:17:  *       HT: no
13:56:17: -------------------------
13:56:17: *** Starting Win32GL Subsystem ***
13:56:17: Registering ResourceManager for type Texture
13:56:17: GLRenderSystem::_createRenderWindow "OGRE Render Window", 1024x768 windowed  miscParams: FSAA=0 FSAAHint= colourDepth=32 displayFrequency=60 gamma=false vsync=false vsyncInterval=1 
13:56:17: Created Win32Window 'OGRE Render Window' : 1040x728, 32bpp
13:56:17: GL_VERSION = 3.1.0 - Build 9.17.10.2932
13:56:17: GL_VENDOR = Intel
13:56:17: GL_RENDERER = Intel(R) HD Graphics 3000
13:56:17: GL_EXTENSIONS = GL_EXT_blend_minmax GL_EXT_blend_subtract GL_EXT_blend_color GL_EXT_abgr GL_EXT_texture3D GL_EXT_clip_volume_hint GL_EXT_compiled_vertex_array GL_SGIS_texture_edge_clamp GL_SGIS_generate_mipmap GL_EXT_draw_range_elements GL_SGIS_texture_lod GL_EXT_rescale_normal GL_EXT_packed_pixels GL_EXT_texture_edge_clamp GL_EXT_separate_specular_color GL_ARB_multitexture GL_EXT_texture_env_combine GL_EXT_bgra GL_EXT_blend_func_separate GL_EXT_secondary_color GL_EXT_fog_coord GL_EXT_texture_env_add GL_ARB_texture_cube_map GL_ARB_transpose_matrix GL_ARB_texture_env_add GL_IBM_texture_mirrored_repeat GL_EXT_multi_draw_arrays GL_NV_blend_square GL_ARB_texture_compression GL_3DFX_texture_compression_FXT1 GL_EXT_texture_filter_anisotropic GL_ARB_texture_border_clamp GL_ARB_point_parameters GL_ARB_texture_env_combine GL_ARB_texture_env_dot3 GL_ARB_texture_env_crossbar GL_EXT_texture_compression_s3tc GL_ARB_shadow GL_ARB_window_pos GL_EXT_shadow_funcs GL_EXT_stencil_wrap GL_ARB_vertex_program GL_EXT_texture_rectangle GL_ARB_fragment_program GL_EXT_stencil_two_side GL_ATI_separate_stencil GL_ARB_vertex_buffer_object GL_EXT_texture_lod_bias GL_ARB_occlusion_query GL_ARB_fragment_shader GL_ARB_shader_objects GL_ARB_shading_language_100 GL_ARB_texture_non_power_of_two GL_ARB_vertex_shader GL_NV_texgen_reflection GL_ARB_point_sprite GL_ARB_fragment_program_shadow GL_EXT_blend_equation_separate GL_ARB_depth_texture GL_ARB_texture_rectangle GL_ARB_draw_buffers GL_ARB_color_buffer_float GL_ARB_half_float_pixel GL_ARB_texture_float GL_ARB_pixel_buffer_object GL_EXT_framebuffer_object GL_ARB_draw_instanced GL_ARB_half_float_vertex GL_ARB_occlusion_query2 GL_EXT_draw_buffers2 GL_WIN_swap_hint GL_EXT_texture_sRGB GL_ARB_multisample GL_EXT_packed_float GL_EXT_texture_shared_exponent GL_ARB_texture_rg GL_ARB_texture_compression_rgtc GL_NV_conditional_render GL_EXT_texture_swizzle GL_ARB_sync GL_ARB_framebuffer_sRGB GL_EXT_packed_depth_stencil GL_ARB_depth_buffer_float GL_EXT_transform_feedback GL_EXT_framebuffer_blit GL_EXT_framebuffer_multisample GL_ARB_framebuffer_object GL_EXT_texture_array GL_EXT_texture_integer GL_ARB_map_buffer_range GL_EXT_texture_snorm GL_INTEL_performance_queries GL_ARB_copy_buffer GL_ARB_sampler_objects GL_NV_primitive_restart GL_ARB_seamless_cube_map GL_ARB_uniform_buffer_object GL_ARB_depth_clamp GL_ARB_vertex_array_bgra GL_ARB_shader_bit_encoding GL_ARB_draw_buffers_blend GL_ARB_texture_query_lod GL_ARB_explicit_attrib_location GL_ARB_draw_elements_base_vertex GL_ARB_instanced_arrays GL_ARB_fragment_coord_conventions GL_EXT_gpu_program_parameters GL_ARB_texture_buffer_object_rgb32 GL_ARB_compatibility GL_ARB_texture_rgb10_a2ui GL_ARB_vertex_type_2_10_10_10_rev GL_ARB_timer_query GL_INTEL_map_texture GL_ARB_vertex_array_object GL_ARB_provoking_vertex 
13:56:17: Supported WGL extensions: WGL_EXT_depth_float WGL_ARB_buffer_region WGL_ARB_extensions_string WGL_ARB_make_current_read WGL_ARB_pixel_format WGL_ARB_pbuffer WGL_EXT_extensions_string WGL_EXT_swap_control WGL_EXT_swap_control_tear WGL_ARB_multisample WGL_ARB_pixel_format_float WGL_ARB_framebuffer_sRGB WGL_ARB_create_context WGL_EXT_pixel_format_packed_float 
13:56:17: ***************************
13:56:17: *** GL Renderer Started ***
13:56:17: ***************************
13:56:17: Registering ResourceManager for type GpuProgram
13:56:17: GLSL support detected
13:56:17: GL: Using GL_EXT_framebuffer_object for rendering to textures (best)
13:56:17: FBO PF_UNKNOWN depth/stencil support: D0S1 D0S4 D0S8 D0S16 D16S0 D24S0 D32S0 Packed-D24S8 
13:56:17: FBO PF_A8 depth/stencil support: D0S0 D0S1 D0S4 D0S8 D0S16 D16S0 D24S0 D32S0 Packed-D24S8 
13:56:17: FBO PF_R5G6B5 depth/stencil support: D0S0 D0S1 D0S4 D0S8 D0S16 D16S0 D24S0 D32S0 Packed-D24S8 
13:56:17: FBO PF_B5G6R5 depth/stencil support: D0S0 D0S1 D0S4 D0S8 D0S16 D16S0 D24S0 D32S0 Packed-D24S8 
13:56:17: FBO PF_R8G8B8 depth/stencil support: D0S0 D0S1 D0S4 D0S8 D0S16 D16S0 D24S0 D32S0 Packed-D24S8 
13:56:17: FBO PF_B8G8R8 depth/stencil support: D0S0 D0S1 D0S4 D0S8 D0S16 D16S0 D24S0 D32S0 Packed-D24S8 
13:56:17: FBO PF_A8R8G8B8 depth/stencil support: D0S0 D0S1 D0S4 D0S8 D0S16 D16S0 D24S0 D32S0 Packed-D24S8 
13:56:17: FBO PF_B8G8R8A8 depth/stencil support: D0S0 D0S1 D0S4 D0S8 D0S16 D16S0 D24S0 D32S0 Packed-D24S8 
13:56:17: FBO PF_A2R10G10B10 depth/stencil support: D0S0 D0S1 D0S4 D0S8 D0S16 D16S0 D24S0 D32S0 Packed-D24S8 
13:56:17: FBO PF_A2B10G10R10 depth/stencil support: D0S0 D0S1 D0S4 D0S8 D0S16 D16S0 D24S0 D32S0 Packed-D24S8 
13:56:17: FBO PF_FLOAT16_RGB depth/stencil support: D0S0 D0S1 D0S4 D0S8 D0S16 D16S0 D24S0 D32S0 Packed-D24S8 
13:56:17: FBO PF_FLOAT16_RGBA depth/stencil support: D0S0 D0S1 D0S4 D0S8 D0S16 D16S0 D24S0 D32S0 Packed-D24S8 
13:56:17: FBO PF_FLOAT32_RGB depth/stencil support: D0S0 D0S1 D0S4 D0S8 D0S16 D16S0 D24S0 D32S0 Packed-D24S8 
13:56:17: FBO PF_FLOAT32_RGBA depth/stencil support: D0S0 D0S1 D0S4 D0S8 D0S16 D16S0 D24S0 D32S0 Packed-D24S8 
13:56:17: FBO PF_X8R8G8B8 depth/stencil support: D0S0 D0S1 D0S4 D0S8 D0S16 D16S0 D24S0 D32S0 Packed-D24S8 
13:56:17: FBO PF_X8B8G8R8 depth/stencil support: D0S0 D0S1 D0S4 D0S8 D0S16 D16S0 D24S0 D32S0 Packed-D24S8 
13:56:17: FBO PF_SHORT_RGBA depth/stencil support: D0S0 D0S1 D0S4 D0S8 D0S16 D16S0 D24S0 D32S0 Packed-D24S8 
13:56:17: FBO PF_R3G3B2 depth/stencil support: D0S0 D0S1 D0S4 D0S8 D0S16 D16S0 D24S0 D32S0 Packed-D24S8 
13:56:17: FBO PF_SHORT_RGB depth/stencil support: D0S0 D0S1 D0S4 D0S8 D0S16 D16S0 D24S0 D32S0 Packed-D24S8 
13:56:17: [GL] : Valid FBO targets PF_UNKNOWN PF_A8 PF_R5G6B5 PF_B5G6R5 PF_R8G8B8 PF_B8G8R8 PF_A8R8G8B8 PF_B8G8R8A8 PF_A2R10G10B10 PF_A2B10G10R10 PF_FLOAT16_RGB PF_FLOAT16_RGBA PF_FLOAT32_RGB PF_FLOAT32_RGBA PF_X8R8G8B8 PF_X8B8G8R8 PF_SHORT_RGBA PF_R3G3B2 PF_SHORT_RGB 
13:56:17: RenderSystem capabilities
13:56:17: -------------------------
13:56:17: RenderSystem Name: OpenGL Rendering Subsystem
13:56:17: GPU Vendor: intel
13:56:17: Device Name: Intel(R) HD Graphics 3000
13:56:17: Driver Version: 3.1.0.0
13:56:17:  * Fixed function pipeline: yes
13:56:17:  * Hardware generation of mipmaps: no
13:56:17:  * Texture blending: yes
13:56:17:  * Anisotropic texture filtering: yes
13:56:17:  * Dot product texture operation: yes
13:56:17:  * Cube mapping: yes
13:56:17:  * Hardware stencil buffer: yes
13:56:17:    - Stencil depth: 8
13:56:17:    - Two sided stencil support: yes
13:56:17:    - Wrap stencil values: yes
13:56:17:  * Hardware vertex / index buffers: yes
13:56:17:  * Vertex programs: yes
13:56:17:  * Number of floating-point constants for vertex programs: 256
13:56:17:  * Number of integer constants for vertex programs: 0
13:56:17:  * Number of boolean constants for vertex programs: 0
13:56:17:  * Fragment programs: yes
13:56:17:  * Number of floating-point constants for fragment programs: 256
13:56:17:  * Number of integer constants for fragment programs: 0
13:56:17:  * Number of boolean constants for fragment programs: 0
13:56:17:  * Geometry programs: no
13:56:17:  * Number of floating-point constants for geometry programs: 0
13:56:17:  * Number of integer constants for geometry programs: 0
13:56:17:  * Number of boolean constants for geometry programs: 0
13:56:17:  * Supported Shader Profiles: arbfp1 arbvp1 glsl
13:56:17:  * Texture Compression: yes
13:56:17:    - DXT: yes
13:56:17:    - VTC: no
13:56:17:    - PVRTC: no
13:56:17:  * Scissor Rectangle: yes
13:56:17:  * Hardware Occlusion Query: yes
13:56:17:  * User clip planes: yes
13:56:17:  * VET_UBYTE4 vertex element type: yes
13:56:17:  * Infinite far plane projection: yes
13:56:17:  * Hardware render-to-texture: yes
13:56:17:  * Floating point textures: yes
13:56:17:  * Non-power-of-two textures: yes
13:56:17:  * Volume textures: yes
13:56:17:  * Multiple Render Targets: 8
13:56:17:    - With different bit depths: yes
13:56:17:  * Point Sprites: yes
13:56:17:  * Extended point parameters: yes
13:56:17:  * Max Point Size: 255
13:56:17:  * Vertex texture fetch: yes
13:56:17:  * Number of world matrices: 0
13:56:17:  * Number of texture units: 16
13:56:17:  * Stencil buffer depth: 8
13:56:17:  * Number of vertex blend matrices: 0
13:56:17:    - Max vertex textures: 16
13:56:17:    - Vertex textures shared: yes
13:56:17:  * Render to Vertex Buffer : no
13:56:17:  * GL 1.5 without VBO workaround: no
13:56:17:  * Frame Buffer objects: yes
13:56:17:  * Frame Buffer objects (ARB extension): no
13:56:17:  * Frame Buffer objects (ATI extension): no
13:56:17:  * PBuffer support: yes
13:56:17:  * GL 1.5 without HW-occlusion workaround: no
13:56:17:  * Separate shader objects: no
13:56:17: DefaultWorkQueue('Root') initialising on thread 004B1610.
13:56:17: DefaultWorkQueue('Root')::WorkerFunc - thread 0564CC90 starting.
13:56:17: DefaultWorkQueue('Root')::WorkerFunc - thread 0564CCD0 starting.
13:56:17: DefaultWorkQueue('Root')::WorkerFunc - thread 0564D230 starting.
13:56:17: DefaultWorkQueue('Root')::WorkerFunc - thread 0568F4A8 starting.
13:56:17: DefaultWorkQueue('Root')::WorkerFunc - thread 05653FE0 starting.
13:56:17: DefaultWorkQueue('Root')::WorkerFunc - thread 056545D8 starting.
13:56:17: DefaultWorkQueue('Root')::WorkerFunc - thread 0568C250 starting.
13:56:17: DefaultWorkQueue('Root')::WorkerFunc - thread 0568DD78 starting.
13:56:17: Particle Renderer Type 'billboard' registered
13:56:17: SceneManagerFactory for type 'BspSceneManager' registered.
13:56:17: Registering ResourceManager for type BspLevel
13:56:17: SceneManagerFactory for type 'PCZSceneManager' registered.
13:56:17: MovableObjectFactory for type 'PCZLight' registered.
13:56:17: MovableObjectFactory for type 'Portal' registered.
13:56:17: MovableObjectFactory for type 'AntiPortal' registered.
13:56:17: PCZone Factory Type 'ZoneType_Octree' registered
13:56:17: SceneManagerFactory for type 'OctreeSceneManager' registered.
13:56:17: +++ root initialized
13:56:17: +++ render window created
13:56:17: +++ OIS initialized
13:56:17: Added resource location '../media' of type 'FileSystem' to resource group 'General'
13:56:17: Added resource location '../media/models' of type 'FileSystem' to resource group 'General'
13:56:17: Added resource location '../media/materials' of type 'FileSystem' to resource group 'General'
13:56:17: Added resource location '../media/materials/textures' of type 'FileSystem' to resource group 'General'
13:56:17: Added resource location '../media/materials/scripts' of type 'FileSystem' to resource group 'General'
13:56:18: Added resource location '../media/materials/programs' of type 'FileSystem' to resource group 'General'
13:56:18: Added resource location '../media/scenes' of type 'FileSystem' to resource group 'General'
13:56:18: Added resource location '../media/scenes/Terrain' of type 'FileSystem' to resource group 'General'
13:56:18: Added resource location '../media/scenes/Terrain/plants' of type 'FileSystem' to resource group 'General'
13:56:18: Added resource location '../media/scenes/Terrain/terrain' of type 'FileSystem' to resource group 'General'
13:56:18: Added resource location '../media/scenes/Terrain/textures' of type 'FileSystem' to resource group 'General'
13:56:18: Added resource location '../media/scenes/Terrain/textures/diffusespecular' of type 'FileSystem' to resource group 'General'
13:56:18: Added resource location '../media/scenes/Terrain/textures/normalheight' of type 'FileSystem' to resource group 'General'
13:56:18: Added resource location '../media/scenes/Scripts' of type 'FileSystem' to resource group 'General'
13:56:18: Added resource location '../media/scenes/Temp' of type 'FileSystem' to resource group 'General'
13:56:18: Added resource location '../media/materials/programs/Cg' of type 'FileSystem' to resource group 'General'
13:56:18: Added resource location '../media/materials/programs/GLSL' of type 'FileSystem' to resource group 'General'
13:56:18: Added resource location '../media/packs/Sinbad.zip' of type 'Zip' to resource group 'General'
13:56:18: Parsing scripts for resource group Autodetect
13:56:18: Finished parsing scripts for resource group Autodetect
13:56:18: Creating resources for group Autodetect
13:56:18: All done
13:56:18: Parsing scripts for resource group General
13:56:18: Parsing script DualQuaternion.program
13:56:18: OGRE EXCEPTION(7:InternalErrorException): Unable to compile Cg program Ogre/DualQuaternionHardwareSkinningTwoWeightsTwoPhaseCg: The compile returned an error.
DualQuaternion_Common.cg(167) : warning C7019: "blendWgt" is too large for semantic "BLENDWEIGHT", which is size 1
(0) : error C6007: Constant register limit exceeded; more than 96 constant registers needed to compiled program
(0) : error C6007: Constant register limit exceeded; more than 96 constant registers needed to compiled program
(0) : error C6007: Constant register limit exceeded; more than 96 constant registers needed to compiled program
 in CgProgram::compileMicrocode at ..\..\..\..\..\PlugIns\CgProgramManager\src\OgreCgProgramManagerDll.cpp (line 67)
13:56:18: High-level program Ogre/DualQuaternionHardwareSkinningTwoWeightsTwoPhaseCg encountered an error during loading and is thus not supported.
OGRE EXCEPTION(7:InternalErrorException): Unable to compile Cg program Ogre/DualQuaternionHardwareSkinningTwoWeightsTwoPhaseCg: The compile returned an error.
DualQuaternion_Common.cg(167) : warning C7019: "blendWgt" is too large for semantic "BLENDWEIGHT", which is size 1
(0) : error C6007: Constant register limit exceeded; more than 96 constant registers needed to compiled program
(0) : error C6007: Constant register limit exceeded; more than 96 constant registers needed to compiled program
(0) : error C6007: Constant register limit exceeded; more than 96 constant registers needed to compiled program
 in CgProgram::compileMicrocode at ..\..\..\..\..\PlugIns\CgProgramManager\src\OgreCgProgramManagerDll.cpp (line 67)
13:56:18: OGRE EXCEPTION(2:InvalidParametersException): Named constants have not been initialised, perhaps a compile error. in GpuProgramParameters::_findNamedConstantDefinition at ..\..\..\..\OgreMain\src\OgreGpuProgramParams.cpp (line 1441)
13:56:18: Compiler error: invalid parameters in DualQuaternion.program(28): setting of constant failed
13:56:18: Parsing script Examples.program
13:56:18: Parsing script StdQuad_vp.program
13:56:18: Parsing script Instancing.program
13:56:18: Parsing script ASCII.material
13:56:18: Parsing script ASMSwizzle.material
13:56:18: Compiler error: object unsupported by render system in ASMSwizzle.material(1)
13:56:18: Parsing script BlackAndWhite.material
13:56:18: Parsing script Bloom.material
13:56:18: Parsing script Bloom2.material
13:56:19: Parsing script CGSwizzle.material
13:56:19: Parsing script CompositorDemo.material
13:56:19: Parsing script DepthShadowmap.material
13:56:19: Parsing script Dither.material
13:56:19: Parsing script DOF.material
13:56:19: Parsing script DualQuaternion.material
13:56:19: Parsing script Embossed.material
13:56:19: Parsing script Example-Water.material
13:56:19: Parsing script Examples-Advanced.material
13:56:20: Compiler error: object unsupported by render system in Examples-Advanced.material(524)
13:56:20: Compiler error: object unsupported by render system in Examples-Advanced.material(787)
13:56:20: Parsing script Examples-DynTex.material
13:56:20: Parsing script Examples-Water.material
13:56:20: Parsing script Examples.material
13:56:22: Parsing script facial.material
13:56:22: Parsing script Glass.material
13:56:22: Parsing script GLSLSwizzle.material
13:56:22: Parsing script Halftone.material
13:56:22: Parsing script hdr.material
13:56:22: Parsing script HeatVision.material
13:56:22: Parsing script Hurt.material
13:56:22: Parsing script HWInstancing.material
13:56:22: Parsing script HW_VTFInstancing.material
13:56:22: Parsing script HW_VTF_LUTInstancing.material
13:56:23: Parsing script instancing.material
13:56:23: Parsing script InstancingMisc.material
13:56:23: Parsing script Invert.material
13:56:23: Parsing script IsoSurf.material
13:56:23: Parsing script Laplace.material
13:56:23: Parsing script MotionBlur.material
13:56:23: Parsing script MRTtest.material
13:56:23: Parsing script NightVision.material
13:56:23: Parsing script Ocean.material
13:56:23: Parsing script OffsetMapping.material
13:56:24: Compiler error: object unsupported by render system in OffsetMapping.material(35)
13:56:24: Parsing script Ogre.material
13:56:24: Parsing script OldMovie.material
13:56:24: Parsing script OldTV.material
13:56:24: Parsing script ParticleGS.material
13:56:24: Parsing script Penguin.material
13:56:24: Parsing script Posterize.material
13:56:24: Parsing script pssm.material
13:56:24: Parsing script RadialBlur.material
13:56:24: Parsing script RZR-002.material
13:56:24: Parsing script ShaderInstancing.material
13:56:24: Parsing script ShaderSystem.material
13:56:24: Parsing script shadows.material
13:56:24: Parsing script SharpenEdges.material
13:56:24: Parsing script sibenik.material
13:56:24: Parsing script smoke.material
13:56:24: Parsing script Tiling.material
13:56:24: Parsing script VarianceShadowmap.material
13:56:24: Parsing script VTFInstancing.material
13:56:25: Parsing script zombie9.material
13:56:25: Parsing script Sinbad.material
13:56:25: Parsing script Examples.compositor
13:56:25: Finished parsing scripts for resource group General
13:56:25: Creating resources for group General
13:56:25: All done
13:56:25: Parsing scripts for resource group Internal
13:56:25: Finished parsing scripts for resource group Internal
13:56:25: Creating resources for group Internal
13:56:25: All done
13:56:25: [DotSceneLoader] Parsing dotScene file with version 1.0.0
13:56:25: Mesh: Loading Sinbad.mesh.
13:56:25: Skeleton: Loading Sinbad.skeleton
13:56:25: WARNING: Sinbad.mesh is an older format ([MeshSerializer_v1.40]); you should upgrade it as soon as possible using the OgreMeshUpgrade tool.
13:56:25: Texture: sinbad_body.tga: Loading 1 faces(PF_R8G8B8,512x512x1) with 9 generated mipmaps from Image. Internal format is PF_X8R8G8B8,512x512x1.
13:56:25: Texture: sinbad_clothes.tga: Loading 1 faces(PF_R8G8B8,512x512x1) with 9 generated mipmaps from Image. Internal format is PF_X8R8G8B8,512x512x1.
13:56:25: Texture: sinbad_sword.tga: Loading 1 faces(PF_R8G8B8,256x256x1) with 8 generated mipmaps from Image. Internal format is PF_X8R8G8B8,256x256x1.
13:56:25: WARNING: the mesh 'Sinbad.mesh' includes vertices with more than 4 bone assignments. The lowest weighted assignments beyond this limit have been removed, so your animation may look slightly different. To eliminate this, reduce the number of bone assignments per vertex on your mesh to 4.
13:56:25: +++ beginning terrain parse
13:56:25: +++ loading terrain page Page_00000000.ogt
13:56:25: +++ terrain page loaded: Page_00000000.ogt
13:56:25: Terrain created; size=129 minBatch=33 maxBatch=65 treeDepth=2 lodLevels=3 leafLods=2
13:56:26: Texture: city_0_diffusespecular.dds: Loading 1 faces(PF_DXT3,512x512x1) with 9 custom mipmaps from Image. Internal format is PF_DXT3,512x512x1.
13:56:26: Texture: city_0_normalheight.dds: Loading 1 faces(PF_DXT3,512x512x1) with 9 custom mipmaps from Image. Internal format is PF_DXT3,512x512x1.
13:56:38: DefaultWorkQueue('Root') shutting down on thread 004B1610.
13:56:38: DefaultWorkQueue('Root')::WorkerFunc - thread 0564CCD0 stopped.
13:56:38: DefaultWorkQueue('Root')::WorkerFunc - thread 0568DD78 stopped.
13:56:38: DefaultWorkQueue('Root')::WorkerFunc - thread 0568F4A8 stopped.
13:56:38: DefaultWorkQueue('Root')::WorkerFunc - thread 056545D8 stopped.
13:56:38: DefaultWorkQueue('Root')::WorkerFunc - thread 0568C250 stopped.
13:56:38: DefaultWorkQueue('Root')::WorkerFunc - thread 05653FE0 stopped.
13:56:38: DefaultWorkQueue('Root')::WorkerFunc - thread 0564D230 stopped.
13:56:38: DefaultWorkQueue('Root')::WorkerFunc - thread 0564CC90 stopped.
13:56:38: PCZone Factory Type 'ZoneType_Octree' unregistered
13:56:38: Unregistering ResourceManager for type BspLevel
13:56:38: *-*-* OGRE Shutdown
13:56:38: Unregistering ResourceManager for type Compositor
13:56:38: Unregistering ResourceManager for type Font
13:56:38: Unregistering ResourceManager for type Skeleton
13:56:38: Unregistering ResourceManager for type Mesh
13:56:38: Unregistering ResourceManager for type HighLevelGpuProgram
13:56:38: Uninstalling plugin: Octree Scene Manager
13:56:38: Plugin successfully uninstalled
13:56:38: Unloading library ./Plugin_OctreeSceneManager_d
13:56:38: Uninstalling plugin: Octree Zone Factory
13:56:38: Plugin successfully uninstalled
13:56:38: Unloading library ./Plugin_OctreeZone_d.dll
13:56:38: Uninstalling plugin: Portal Connected Zone Scene Manager
13:56:38: Plugin successfully uninstalled
13:56:38: Unloading library ./Plugin_PCZSceneManager_d.dll
13:56:38: Uninstalling plugin: Cg Program Manager
13:56:38: Plugin successfully uninstalled
13:56:38: Unloading library ./Plugin_CgProgramManager_d
13:56:38: Uninstalling plugin: BSP Scene Manager
13:56:38: Plugin successfully uninstalled
13:56:38: Unloading library ./Plugin_BSPSceneManager_d
13:56:38: Uninstalling plugin: ParticleFX
13:56:38: Plugin successfully uninstalled
13:56:38: Unloading library ./Plugin_ParticleFX_d
13:56:38: Uninstalling plugin: GL RenderSystem
13:56:39: Unregistering ResourceManager for type GpuProgram
13:56:39: *** Stopping Win32GL Subsystem ***
13:56:39: Unregistering ResourceManager for type Texture
13:56:39: Plugin successfully uninstalled
13:56:39: Unloading library ./RenderSystem_GL_d
13:56:39: Uninstalling plugin: D3D9 RenderSystem
13:56:39: D3D9 : Shutting down cleanly.
13:56:39: D3D9 : Direct3D9 Rendering Subsystem destroyed.
13:56:39: Plugin successfully uninstalled
13:56:39: Unloading library ./RenderSystem_Direct3D9_d
13:56:39: Unregistering ResourceManager for type Material
