17:33:56: Creating resource group General
17:33:56: Creating resource group Internal
17:33:56: Creating resource group Autodetect
17:33:56: SceneManagerFactory for type 'DefaultSceneManager' registered.
17:33:56: Registering ResourceManager for type Material
17:33:56: Registering ResourceManager for type Mesh
17:33:56: Registering ResourceManager for type Skeleton
17:33:56: MovableObjectFactory for type 'ParticleSystem' registered.
17:33:56: OverlayElementFactory for type Panel registered.
17:33:56: OverlayElementFactory for type BorderPanel registered.
17:33:56: OverlayElementFactory for type TextArea registered.
17:33:56: Registering ResourceManager for type Font
17:33:56: ArchiveFactory for archive type FileSystem registered.
17:33:56: ArchiveFactory for archive type Zip registered.
17:33:56: ArchiveFactory for archive type EmbeddedZip registered.
17:33:56: DDS codec registering
17:33:56: FreeImage version: 3.15.3
17:33:56: This program uses FreeImage, a free, open source image library supporting all common bitmap formats. See http://freeimage.sourceforge.net for details
17:33:56: Supported formats: bmp,ico,jpg,jif,jpeg,jpe,jng,koa,iff,lbm,mng,pbm,pbm,pcd,pcx,pgm,pgm,png,ppm,ppm,ras,tga,targa,tif,tiff,wap,wbmp,wbm,psd,cut,xbm,xpm,gif,hdr,g3,sgi,exr,j2k,j2c,jp2,pfm,pct,pict,pic,3fr,arw,bay,bmq,cap,cine,cr2,crw,cs1,dc2,dcr,drf,dsc,dng,erf,fff,ia,iiq,k25,kc2,kdc,mdc,mef,mos,mrw,nef,nrw,orf,pef,ptx,pxn,qtk,raf,raw,rdc,rw2,rwl,rwz,sr2,srf,srw,sti
17:33:56: Registering ResourceManager for type HighLevelGpuProgram
17:33:56: Registering ResourceManager for type Compositor
17:33:56: MovableObjectFactory for type 'Entity' registered.
17:33:56: MovableObjectFactory for type 'Light' registered.
17:33:56: MovableObjectFactory for type 'BillboardSet' registered.
17:33:56: MovableObjectFactory for type 'ManualObject' registered.
17:33:56: MovableObjectFactory for type 'BillboardChain' registered.
17:33:56: MovableObjectFactory for type 'RibbonTrail' registered.
17:33:56: Loading library ./RenderSystem_Direct3D9_d
17:33:56: Installing plugin: D3D9 RenderSystem
17:33:56: D3D9 : Direct3D9 Rendering Subsystem created.
17:33:56: D3D9: Driver Detection Starts
17:33:56: D3D9: Driver Detection Ends
17:33:56: Plugin successfully installed
17:33:56: Loading library ./RenderSystem_GL_d
17:33:56: Installing plugin: GL RenderSystem
17:33:56: OpenGL Rendering Subsystem created.
17:33:56: Plugin successfully installed
17:33:56: Loading library ./Plugin_ParticleFX_d
17:33:56: Installing plugin: ParticleFX
17:33:56: Particle Emitter Type 'Point' registered
17:33:56: Particle Emitter Type 'Box' registered
17:33:56: Particle Emitter Type 'Ellipsoid' registered
17:33:56: Particle Emitter Type 'Cylinder' registered
17:33:56: Particle Emitter Type 'Ring' registered
17:33:56: Particle Emitter Type 'HollowEllipsoid' registered
17:33:56: Particle Affector Type 'LinearForce' registered
17:33:56: Particle Affector Type 'ColourFader' registered
17:33:56: Particle Affector Type 'ColourFader2' registered
17:33:56: Particle Affector Type 'ColourImage' registered
17:33:56: Particle Affector Type 'ColourInterpolator' registered
17:33:56: Particle Affector Type 'Scaler' registered
17:33:56: Particle Affector Type 'Rotator' registered
17:33:56: Particle Affector Type 'DirectionRandomiser' registered
17:33:56: Particle Affector Type 'DeflectorPlane' registered
17:33:56: Plugin successfully installed
17:33:56: Loading library ./Plugin_BSPSceneManager_d
17:33:56: Installing plugin: BSP Scene Manager
17:33:56: Plugin successfully installed
17:33:56: Loading library ./Plugin_CgProgramManager_d
17:33:56: Installing plugin: Cg Program Manager
17:33:56: Plugin successfully installed
17:33:56: Loading library ./Plugin_PCZSceneManager_d.dll
17:33:56: Installing plugin: Portal Connected Zone Scene Manager
17:33:56: PCZone Factory Type 'ZoneType_Default' registered
17:33:56: Plugin successfully installed
17:33:56: Loading library ./Plugin_OctreeZone_d.dll
17:33:56: Installing plugin: Octree Zone Factory
17:33:56: Plugin successfully installed
17:33:56: Loading library ./Plugin_OctreeSceneManager_d
17:33:56: Installing plugin: Octree Scene Manager
17:33:56: Plugin successfully installed
17:33:56: *-*-* OGRE Initialising
17:33:56: *-*-* Version 1.8.1 (Byatis)
17:33:56: +++ root configured
17:33:56: CPU Identifier & Features
17:33:56: -------------------------
17:33:56:  *   CPU ID: GenuineIntel: Intel(R) Core(TM) i7-2630QM CPU @ 2.00GHz
17:33:56:  *      SSE: yes
17:33:56:  *     SSE2: yes
17:33:56:  *     SSE3: yes
17:33:56:  *      MMX: yes
17:33:56:  *   MMXEXT: yes
17:33:56:  *    3DNOW: no
17:33:56:  * 3DNOWEXT: no
17:33:56:  *     CMOV: yes
17:33:56:  *      TSC: yes
17:33:56:  *      FPU: yes
17:33:56:  *      PRO: yes
17:33:56:  *       HT: no
17:33:56: -------------------------
17:33:56: *** Starting Win32GL Subsystem ***
17:33:56: Registering ResourceManager for type Texture
17:33:56: GLRenderSystem::_createRenderWindow "OGRE Render Window", 1024x768 windowed  miscParams: FSAA=0 FSAAHint= colourDepth=32 displayFrequency=60 gamma=false vsync=false vsyncInterval=1 
17:33:56: Created Win32Window 'OGRE Render Window' : 1040x728, 32bpp
17:33:57: GL_VERSION = 3.1.0 - Build 9.17.10.2932
17:33:57: GL_VENDOR = Intel
17:33:57: GL_RENDERER = Intel(R) HD Graphics 3000
17:33:57: GL_EXTENSIONS = GL_EXT_blend_minmax GL_EXT_blend_subtract GL_EXT_blend_color GL_EXT_abgr GL_EXT_texture3D GL_EXT_clip_volume_hint GL_EXT_compiled_vertex_array GL_SGIS_texture_edge_clamp GL_SGIS_generate_mipmap GL_EXT_draw_range_elements GL_SGIS_texture_lod GL_EXT_rescale_normal GL_EXT_packed_pixels GL_EXT_texture_edge_clamp GL_EXT_separate_specular_color GL_ARB_multitexture GL_EXT_texture_env_combine GL_EXT_bgra GL_EXT_blend_func_separate GL_EXT_secondary_color GL_EXT_fog_coord GL_EXT_texture_env_add GL_ARB_texture_cube_map GL_ARB_transpose_matrix GL_ARB_texture_env_add GL_IBM_texture_mirrored_repeat GL_EXT_multi_draw_arrays GL_NV_blend_square GL_ARB_texture_compression GL_3DFX_texture_compression_FXT1 GL_EXT_texture_filter_anisotropic GL_ARB_texture_border_clamp GL_ARB_point_parameters GL_ARB_texture_env_combine GL_ARB_texture_env_dot3 GL_ARB_texture_env_crossbar GL_EXT_texture_compression_s3tc GL_ARB_shadow GL_ARB_window_pos GL_EXT_shadow_funcs GL_EXT_stencil_wrap GL_ARB_vertex_program GL_EXT_texture_rectangle GL_ARB_fragment_program GL_EXT_stencil_two_side GL_ATI_separate_stencil GL_ARB_vertex_buffer_object GL_EXT_texture_lod_bias GL_ARB_occlusion_query GL_ARB_fragment_shader GL_ARB_shader_objects GL_ARB_shading_language_100 GL_ARB_texture_non_power_of_two GL_ARB_vertex_shader GL_NV_texgen_reflection GL_ARB_point_sprite GL_ARB_fragment_program_shadow GL_EXT_blend_equation_separate GL_ARB_depth_texture GL_ARB_texture_rectangle GL_ARB_draw_buffers GL_ARB_color_buffer_float GL_ARB_half_float_pixel GL_ARB_texture_float GL_ARB_pixel_buffer_object GL_EXT_framebuffer_object GL_ARB_draw_instanced GL_ARB_half_float_vertex GL_ARB_occlusion_query2 GL_EXT_draw_buffers2 GL_WIN_swap_hint GL_EXT_texture_sRGB GL_ARB_multisample GL_EXT_packed_float GL_EXT_texture_shared_exponent GL_ARB_texture_rg GL_ARB_texture_compression_rgtc GL_NV_conditional_render GL_EXT_texture_swizzle GL_ARB_sync GL_ARB_framebuffer_sRGB GL_EXT_packed_depth_stencil GL_ARB_depth_buffer_float GL_EXT_transform_feedback GL_EXT_framebuffer_blit GL_EXT_framebuffer_multisample GL_ARB_framebuffer_object GL_EXT_texture_array GL_EXT_texture_integer GL_ARB_map_buffer_range GL_EXT_texture_snorm GL_INTEL_performance_queries GL_ARB_copy_buffer GL_ARB_sampler_objects GL_NV_primitive_restart GL_ARB_seamless_cube_map GL_ARB_uniform_buffer_object GL_ARB_depth_clamp GL_ARB_vertex_array_bgra GL_ARB_shader_bit_encoding GL_ARB_draw_buffers_blend GL_ARB_texture_query_lod GL_ARB_explicit_attrib_location GL_ARB_draw_elements_base_vertex GL_ARB_instanced_arrays GL_ARB_fragment_coord_conventions GL_EXT_gpu_program_parameters GL_ARB_texture_buffer_object_rgb32 GL_ARB_compatibility GL_ARB_texture_rgb10_a2ui GL_ARB_vertex_type_2_10_10_10_rev GL_ARB_timer_query GL_INTEL_map_texture GL_ARB_vertex_array_object GL_ARB_provoking_vertex 
17:33:57: Supported WGL extensions: WGL_EXT_depth_float WGL_ARB_buffer_region WGL_ARB_extensions_string WGL_ARB_make_current_read WGL_ARB_pixel_format WGL_ARB_pbuffer WGL_EXT_extensions_string WGL_EXT_swap_control WGL_EXT_swap_control_tear WGL_ARB_multisample WGL_ARB_pixel_format_float WGL_ARB_framebuffer_sRGB WGL_ARB_create_context WGL_EXT_pixel_format_packed_float 
17:33:57: ***************************
17:33:57: *** GL Renderer Started ***
17:33:57: ***************************
17:33:57: Registering ResourceManager for type GpuProgram
17:33:57: GLSL support detected
17:33:57: GL: Using GL_EXT_framebuffer_object for rendering to textures (best)
17:33:57: FBO PF_UNKNOWN depth/stencil support: D0S1 D0S4 D0S8 D0S16 D16S0 D24S0 D32S0 Packed-D24S8 
17:33:57: FBO PF_A8 depth/stencil support: D0S0 D0S1 D0S4 D0S8 D0S16 D16S0 D24S0 D32S0 Packed-D24S8 
17:33:57: FBO PF_R5G6B5 depth/stencil support: D0S0 D0S1 D0S4 D0S8 D0S16 D16S0 D24S0 D32S0 Packed-D24S8 
17:33:57: FBO PF_B5G6R5 depth/stencil support: D0S0 D0S1 D0S4 D0S8 D0S16 D16S0 D24S0 D32S0 Packed-D24S8 
17:33:57: FBO PF_R8G8B8 depth/stencil support: D0S0 D0S1 D0S4 D0S8 D0S16 D16S0 D24S0 D32S0 Packed-D24S8 
17:33:57: FBO PF_B8G8R8 depth/stencil support: D0S0 D0S1 D0S4 D0S8 D0S16 D16S0 D24S0 D32S0 Packed-D24S8 
17:33:57: FBO PF_A8R8G8B8 depth/stencil support: D0S0 D0S1 D0S4 D0S8 D0S16 D16S0 D24S0 D32S0 Packed-D24S8 
17:33:57: FBO PF_B8G8R8A8 depth/stencil support: D0S0 D0S1 D0S4 D0S8 D0S16 D16S0 D24S0 D32S0 Packed-D24S8 
17:33:57: FBO PF_A2R10G10B10 depth/stencil support: D0S0 D0S1 D0S4 D0S8 D0S16 D16S0 D24S0 D32S0 Packed-D24S8 
17:33:57: FBO PF_A2B10G10R10 depth/stencil support: D0S0 D0S1 D0S4 D0S8 D0S16 D16S0 D24S0 D32S0 Packed-D24S8 
17:33:57: FBO PF_FLOAT16_RGB depth/stencil support: D0S0 D0S1 D0S4 D0S8 D0S16 D16S0 D24S0 D32S0 Packed-D24S8 
17:33:57: FBO PF_FLOAT16_RGBA depth/stencil support: D0S0 D0S1 D0S4 D0S8 D0S16 D16S0 D24S0 D32S0 Packed-D24S8 
17:33:57: FBO PF_FLOAT32_RGB depth/stencil support: D0S0 D0S1 D0S4 D0S8 D0S16 D16S0 D24S0 D32S0 Packed-D24S8 
17:33:57: FBO PF_FLOAT32_RGBA depth/stencil support: D0S0 D0S1 D0S4 D0S8 D0S16 D16S0 D24S0 D32S0 Packed-D24S8 
17:33:57: FBO PF_X8R8G8B8 depth/stencil support: D0S0 D0S1 D0S4 D0S8 D0S16 D16S0 D24S0 D32S0 Packed-D24S8 
17:33:57: FBO PF_X8B8G8R8 depth/stencil support: D0S0 D0S1 D0S4 D0S8 D0S16 D16S0 D24S0 D32S0 Packed-D24S8 
17:33:57: FBO PF_SHORT_RGBA depth/stencil support: D0S0 D0S1 D0S4 D0S8 D0S16 D16S0 D24S0 D32S0 Packed-D24S8 
17:33:57: FBO PF_R3G3B2 depth/stencil support: D0S0 D0S1 D0S4 D0S8 D0S16 D16S0 D24S0 D32S0 Packed-D24S8 
17:33:57: FBO PF_SHORT_RGB depth/stencil support: D0S0 D0S1 D0S4 D0S8 D0S16 D16S0 D24S0 D32S0 Packed-D24S8 
17:33:57: [GL] : Valid FBO targets PF_UNKNOWN PF_A8 PF_R5G6B5 PF_B5G6R5 PF_R8G8B8 PF_B8G8R8 PF_A8R8G8B8 PF_B8G8R8A8 PF_A2R10G10B10 PF_A2B10G10R10 PF_FLOAT16_RGB PF_FLOAT16_RGBA PF_FLOAT32_RGB PF_FLOAT32_RGBA PF_X8R8G8B8 PF_X8B8G8R8 PF_SHORT_RGBA PF_R3G3B2 PF_SHORT_RGB 
17:33:57: RenderSystem capabilities
17:33:57: -------------------------
17:33:57: RenderSystem Name: OpenGL Rendering Subsystem
17:33:57: GPU Vendor: intel
17:33:57: Device Name: Intel(R) HD Graphics 3000
17:33:57: Driver Version: 3.1.0.0
17:33:57:  * Fixed function pipeline: yes
17:33:57:  * Hardware generation of mipmaps: no
17:33:57:  * Texture blending: yes
17:33:57:  * Anisotropic texture filtering: yes
17:33:57:  * Dot product texture operation: yes
17:33:57:  * Cube mapping: yes
17:33:57:  * Hardware stencil buffer: yes
17:33:57:    - Stencil depth: 8
17:33:57:    - Two sided stencil support: yes
17:33:57:    - Wrap stencil values: yes
17:33:57:  * Hardware vertex / index buffers: yes
17:33:57:  * Vertex programs: yes
17:33:57:  * Number of floating-point constants for vertex programs: 256
17:33:57:  * Number of integer constants for vertex programs: 0
17:33:57:  * Number of boolean constants for vertex programs: 0
17:33:57:  * Fragment programs: yes
17:33:57:  * Number of floating-point constants for fragment programs: 256
17:33:57:  * Number of integer constants for fragment programs: 0
17:33:57:  * Number of boolean constants for fragment programs: 0
17:33:57:  * Geometry programs: no
17:33:57:  * Number of floating-point constants for geometry programs: 0
17:33:57:  * Number of integer constants for geometry programs: 0
17:33:57:  * Number of boolean constants for geometry programs: 0
17:33:57:  * Supported Shader Profiles: arbfp1 arbvp1 glsl
17:33:57:  * Texture Compression: yes
17:33:57:    - DXT: yes
17:33:57:    - VTC: no
17:33:57:    - PVRTC: no
17:33:57:  * Scissor Rectangle: yes
17:33:57:  * Hardware Occlusion Query: yes
17:33:57:  * User clip planes: yes
17:33:57:  * VET_UBYTE4 vertex element type: yes
17:33:57:  * Infinite far plane projection: yes
17:33:57:  * Hardware render-to-texture: yes
17:33:57:  * Floating point textures: yes
17:33:57:  * Non-power-of-two textures: yes
17:33:57:  * Volume textures: yes
17:33:57:  * Multiple Render Targets: 8
17:33:57:    - With different bit depths: yes
17:33:57:  * Point Sprites: yes
17:33:57:  * Extended point parameters: yes
17:33:57:  * Max Point Size: 255
17:33:57:  * Vertex texture fetch: yes
17:33:57:  * Number of world matrices: 0
17:33:57:  * Number of texture units: 16
17:33:57:  * Stencil buffer depth: 8
17:33:57:  * Number of vertex blend matrices: 0
17:33:57:    - Max vertex textures: 16
17:33:57:    - Vertex textures shared: yes
17:33:57:  * Render to Vertex Buffer : no
17:33:57:  * GL 1.5 without VBO workaround: no
17:33:57:  * Frame Buffer objects: yes
17:33:57:  * Frame Buffer objects (ARB extension): no
17:33:57:  * Frame Buffer objects (ATI extension): no
17:33:57:  * PBuffer support: yes
17:33:57:  * GL 1.5 without HW-occlusion workaround: no
17:33:57:  * Separate shader objects: no
17:33:57: DefaultWorkQueue('Root') initialising on thread 0074CF70.
17:33:57: DefaultWorkQueue('Root')::WorkerFunc - thread 054E8358 starting.
17:33:57: DefaultWorkQueue('Root')::WorkerFunc - thread 054E8398 starting.
17:33:57: DefaultWorkQueue('Root')::WorkerFunc - thread 054EF608 starting.
17:33:57: DefaultWorkQueue('Root')::WorkerFunc - thread 041F81A0 starting.
17:33:57: DefaultWorkQueue('Root')::WorkerFunc - thread 05529540 starting.
17:33:57: DefaultWorkQueue('Root')::WorkerFunc - thread 041F8210 starting.
17:33:57: Particle Renderer Type 'billboard' registered
17:33:57: DefaultWorkQueue('Root')::WorkerFunc - thread 05539508 starting.
17:33:57: DefaultWorkQueue('Root')::WorkerFunc - thread 041F8280 starting.
17:33:57: SceneManagerFactory for type 'BspSceneManager' registered.
17:33:57: Registering ResourceManager for type BspLevel
17:33:57: SceneManagerFactory for type 'PCZSceneManager' registered.
17:33:57: MovableObjectFactory for type 'PCZLight' registered.
17:33:57: MovableObjectFactory for type 'Portal' registered.
17:33:57: MovableObjectFactory for type 'AntiPortal' registered.
17:33:57: PCZone Factory Type 'ZoneType_Octree' registered
17:33:57: SceneManagerFactory for type 'OctreeSceneManager' registered.
17:33:57: +++ root initialized
17:33:57: +++ render window created
17:33:57: +++ OIS initialized
17:33:57: Added resource location '../media' of type 'FileSystem' to resource group 'General'
17:33:57: Added resource location '../media/models' of type 'FileSystem' to resource group 'General'
17:33:57: Added resource location '../media/materials' of type 'FileSystem' to resource group 'General'
17:33:57: Added resource location '../media/materials/textures' of type 'FileSystem' to resource group 'General'
17:33:57: Added resource location '../media/materials/scripts' of type 'FileSystem' to resource group 'General'
17:33:57: Added resource location '../media/materials/programs' of type 'FileSystem' to resource group 'General'
17:33:57: Added resource location '../media/scenes' of type 'FileSystem' to resource group 'General'
17:33:57: Added resource location '../media/scenes/Terrain' of type 'FileSystem' to resource group 'General'
17:33:57: Added resource location '../media/materials/programs/Cg' of type 'FileSystem' to resource group 'General'
17:33:57: Added resource location '../media/materials/programs/GLSL' of type 'FileSystem' to resource group 'General'
17:33:57: Added resource location '../media/packs/Sinbad.zip' of type 'Zip' to resource group 'General'
17:33:57: Parsing scripts for resource group Autodetect
17:33:57: Finished parsing scripts for resource group Autodetect
17:33:57: Creating resources for group Autodetect
17:33:57: All done
17:33:57: Parsing scripts for resource group General
17:33:57: Parsing script DualQuaternion.program
17:33:57: OGRE EXCEPTION(7:InternalErrorException): Unable to compile Cg program Ogre/DualQuaternionHardwareSkinningTwoWeightsTwoPhaseCg: The compile returned an error.
DualQuaternion_Common.cg(167) : warning C7019: "blendWgt" is too large for semantic "BLENDWEIGHT", which is size 1
(0) : error C6007: Constant register limit exceeded; more than 96 constant registers needed to compiled program
(0) : error C6007: Constant register limit exceeded; more than 96 constant registers needed to compiled program
(0) : error C6007: Constant register limit exceeded; more than 96 constant registers needed to compiled program
 in CgProgram::compileMicrocode at ..\..\..\..\..\PlugIns\CgProgramManager\src\OgreCgProgramManagerDll.cpp (line 67)
17:33:57: High-level program Ogre/DualQuaternionHardwareSkinningTwoWeightsTwoPhaseCg encountered an error during loading and is thus not supported.
OGRE EXCEPTION(7:InternalErrorException): Unable to compile Cg program Ogre/DualQuaternionHardwareSkinningTwoWeightsTwoPhaseCg: The compile returned an error.
DualQuaternion_Common.cg(167) : warning C7019: "blendWgt" is too large for semantic "BLENDWEIGHT", which is size 1
(0) : error C6007: Constant register limit exceeded; more than 96 constant registers needed to compiled program
(0) : error C6007: Constant register limit exceeded; more than 96 constant registers needed to compiled program
(0) : error C6007: Constant register limit exceeded; more than 96 constant registers needed to compiled program
 in CgProgram::compileMicrocode at ..\..\..\..\..\PlugIns\CgProgramManager\src\OgreCgProgramManagerDll.cpp (line 67)
17:33:57: OGRE EXCEPTION(2:InvalidParametersException): Named constants have not been initialised, perhaps a compile error. in GpuProgramParameters::_findNamedConstantDefinition at ..\..\..\..\OgreMain\src\OgreGpuProgramParams.cpp (line 1441)
17:33:57: Compiler error: invalid parameters in DualQuaternion.program(28): setting of constant failed
17:33:57: Parsing script Examples.program
17:33:58: Parsing script StdQuad_vp.program
17:33:58: Parsing script Instancing.program
17:33:58: Parsing script ASCII.material
17:33:58: Parsing script ASMSwizzle.material
17:33:58: Compiler error: object unsupported by render system in ASMSwizzle.material(1)
17:33:58: Parsing script BlackAndWhite.material
17:33:58: Parsing script Bloom.material
17:33:58: Parsing script Bloom2.material
17:33:58: Parsing script CGSwizzle.material
17:33:58: Parsing script CompositorDemo.material
17:33:58: Parsing script DepthShadowmap.material
17:33:59: Parsing script Dither.material
17:33:59: Parsing script DOF.material
17:33:59: Parsing script DualQuaternion.material
17:33:59: Parsing script Embossed.material
17:33:59: Parsing script Example-Water.material
17:33:59: Parsing script Examples-Advanced.material
17:34:00: Compiler error: object unsupported by render system in Examples-Advanced.material(524)
17:34:00: Compiler error: object unsupported by render system in Examples-Advanced.material(787)
17:34:00: Parsing script Examples-DynTex.material
17:34:00: Parsing script Examples-Water.material
17:34:01: Parsing script Examples.material
17:34:03: Parsing script facial.material
17:34:03: Parsing script Glass.material
17:34:03: Parsing script GLSLSwizzle.material
17:34:03: Parsing script Halftone.material
17:34:03: Parsing script hdr.material
17:34:03: Parsing script HeatVision.material
17:34:03: Parsing script Hurt.material
17:34:03: Parsing script HWInstancing.material
17:34:03: Parsing script HW_VTFInstancing.material
17:34:04: Parsing script HW_VTF_LUTInstancing.material
17:34:04: Parsing script instancing.material
17:34:04: Parsing script InstancingMisc.material
17:34:04: Parsing script Invert.material
17:34:04: Parsing script IsoSurf.material
17:34:04: Parsing script Laplace.material
17:34:04: Parsing script M16.material
17:34:04: Parsing script MotionBlur.material
17:34:04: Parsing script MRTtest.material
17:34:04: Parsing script NightVision.material
17:34:04: Parsing script Ocean.material
17:34:05: Parsing script OffsetMapping.material
17:34:05: Compiler error: object unsupported by render system in OffsetMapping.material(35)
17:34:06: Parsing script Ogre.material
17:34:06: Parsing script OldMovie.material
17:34:06: Parsing script OldTV.material
17:34:06: Parsing script ParticleGS.material
17:34:06: Parsing script Penguin.material
17:34:06: Parsing script Posterize.material
17:34:06: Parsing script pssm.material
17:34:06: Parsing script RadialBlur.material
17:34:06: Parsing script RZR-002.material
17:34:06: Parsing script ShaderInstancing.material
17:34:06: Parsing script ShaderSystem.material
17:34:06: Parsing script shadows.material
17:34:06: Parsing script SharpenEdges.material
17:34:06: Parsing script sibenik.material
17:34:07: Parsing script smoke.material
17:34:07: Parsing script Tiling.material
17:34:07: Parsing script VarianceShadowmap.material
17:34:07: Parsing script VTFInstancing.material
17:34:07: Parsing script zombie9.material
17:34:07: Parsing script Sinbad.material
17:34:07: Parsing script Examples.compositor
17:34:08: Finished parsing scripts for resource group General
17:34:08: Creating resources for group General
17:34:08: All done
17:34:08: Parsing scripts for resource group Internal
17:34:08: Finished parsing scripts for resource group Internal
17:34:08: Creating resources for group Internal
17:34:08: All done
17:34:08: Mesh: Loading ogrehead.mesh.
17:34:08: Texture: GreenSkin.jpg: Loading 1 faces(PF_R8G8B8,256x256x1) with 8 generated mipmaps from Image. Internal format is PF_X8R8G8B8,256x256x1.
17:34:08: Texture: spheremap.png: Loading 1 faces(PF_R8G8B8,256x256x1) with 8 generated mipmaps from Image. Internal format is PF_X8R8G8B8,256x256x1.
17:34:08: Texture: tusk.jpg: Loading 1 faces(PF_R8G8B8,128x128x1) with 7 generated mipmaps from Image. Internal format is PF_X8R8G8B8,128x128x1.
17:34:08: Texture: BeachStones.jpg: Loading 1 faces(PF_R8G8B8,512x512x1) with 9 generated mipmaps from Image. Internal format is PF_X8R8G8B8,512x512x1.
17:34:08: Mesh: Loading tudorhouse.mesh.
17:34:08: Texture: fw12b.jpg: Loading 1 faces(PF_R8G8B8,1024x1024x1) with 10 generated mipmaps from Image. Internal format is PF_X8R8G8B8,1024x1024x1.
17:34:08: Mesh: Loading ninja.mesh.
17:34:08: Skeleton: Loading ninja.skeleton
17:34:08: Texture: nskingr.jpg: Loading 1 faces(PF_R8G8B8,512x512x1) with 9 generated mipmaps from Image. Internal format is PF_X8R8G8B8,512x512x1.
17:34:08: Mesh: Loading robot.mesh.
17:34:08: Skeleton: Loading robot.skeleton
17:34:08: Texture: r2skin.jpg: Loading 1 faces(PF_R8G8B8,512x512x1) with 9 generated mipmaps from Image. Internal format is PF_X8R8G8B8,512x512x1.
17:34:08: Mesh: Loading geosphere8000.mesh.
17:34:08: Can't assign material Ground_Grass_sub2 to SubEntity of GeosphereENT because this Material does not exist. Have you forgotten to define it in a .material script?
17:34:08: Creating resource group BtOgre
17:35:58: DefaultWorkQueue('Root') shutting down on thread 0074CF70.
17:35:58: DefaultWorkQueue('Root')::WorkerFunc - thread 05539508 stopped.
17:35:58: DefaultWorkQueue('Root')::WorkerFunc - thread 041F8280 stopped.
17:35:58: DefaultWorkQueue('Root')::WorkerFunc - thread 054EF608 stopped.
17:35:58: DefaultWorkQueue('Root')::WorkerFunc - thread 041F8210 stopped.
17:35:58: DefaultWorkQueue('Root')::WorkerFunc - thread 054E8358 stopped.
17:35:58: DefaultWorkQueue('Root')::WorkerFunc - thread 054E8398 stopped.
17:35:58: DefaultWorkQueue('Root')::WorkerFunc - thread 041F81A0 stopped.
17:35:58: DefaultWorkQueue('Root')::WorkerFunc - thread 05529540 stopped.
17:35:58: PCZone Factory Type 'ZoneType_Octree' unregistered
17:35:58: Unregistering ResourceManager for type BspLevel
17:35:58: *-*-* OGRE Shutdown
17:35:58: Unregistering ResourceManager for type Compositor
17:35:58: Unregistering ResourceManager for type Font
17:35:58: Unregistering ResourceManager for type Skeleton
17:35:58: Unregistering ResourceManager for type Mesh
17:35:58: Unregistering ResourceManager for type HighLevelGpuProgram
17:35:58: Uninstalling plugin: Octree Scene Manager
17:35:58: Plugin successfully uninstalled
17:35:58: Unloading library ./Plugin_OctreeSceneManager_d
17:35:58: Uninstalling plugin: Octree Zone Factory
17:35:58: Plugin successfully uninstalled
17:35:58: Unloading library ./Plugin_OctreeZone_d.dll
17:35:58: Uninstalling plugin: Portal Connected Zone Scene Manager
17:35:58: Plugin successfully uninstalled
17:35:58: Unloading library ./Plugin_PCZSceneManager_d.dll
17:35:58: Uninstalling plugin: Cg Program Manager
17:35:58: Plugin successfully uninstalled
17:35:58: Unloading library ./Plugin_CgProgramManager_d
17:35:58: Uninstalling plugin: BSP Scene Manager
17:35:58: Plugin successfully uninstalled
17:35:58: Unloading library ./Plugin_BSPSceneManager_d
17:35:58: Uninstalling plugin: ParticleFX
17:35:58: Plugin successfully uninstalled
17:35:58: Unloading library ./Plugin_ParticleFX_d
17:35:58: Uninstalling plugin: GL RenderSystem
17:35:58: Unregistering ResourceManager for type GpuProgram
17:35:58: *** Stopping Win32GL Subsystem ***
17:35:58: Unregistering ResourceManager for type Texture
17:35:58: Plugin successfully uninstalled
17:35:58: Unloading library ./RenderSystem_GL_d
17:35:58: Uninstalling plugin: D3D9 RenderSystem
17:35:58: D3D9 : Shutting down cleanly.
17:35:58: D3D9 : Direct3D9 Rendering Subsystem destroyed.
17:35:58: Plugin successfully uninstalled
17:35:58: Unloading library ./RenderSystem_Direct3D9_d
17:35:58: Unregistering ResourceManager for type Material
